~/dpatch/mturk/bin ~/dpatch/mturk/cluster_task
--[Initializing]----------
 Input: /home/gen/dpatch/mturk/cluster_task/cluster.input
 Properties: /home/gen/dpatch/mturk/cluster_task/cluster.properties
 Question File: /home/gen/dpatch/mturk/cluster_task/cluster.question
 Limiting HITs created to: 1200
 Preview mode disabled

WARNING: It appears you do not have enough funds in your account
The HITs you are trying to create will create a total liability of $50442.000
You current account balance is $10000.000

To continue this operation, please press ENTER (or press Ctrl+C to abort and fund your account first): 
--[Loading HITs]----------
  Start time: Mon Apr 08 18:21:50 EDT 2013
Created HIT 1: HITId=21MF0OHOVR14W5D4CZ02KECWIVD54T
Created HIT 2: HITId=2G151RYQM3EL4VFS0MKGXFTE2I50ZF
Created HIT 3: HITId=2P1IA0RYNJ921RD2AJ2MMTUH6LI83D
Created HIT 4: HITId=2YG5PQJQ9OPLZ55N40IXJ8KCWO10YO
Created HIT 5: HITId=2ETAT2D5NQYNJNW6AX75WYMNKLE84Y
Created HIT 6: HITId=2S5VP3TVOK5UTRYH8LHERZFYYHH25U
Created HIT 7: HITId=2GYKPEIB9BAWZ0FDZ4WV0UD3UI70XI
Created HIT 8: HITId=23ZGYQ4J3NABKJ82PTFY1IT118VCPZ
Created HIT 9: HITId=2K6U3K4F0OHO9ZUKSBBO5L92P3S10R
Created HIT 10: HITId=2CUNHMVHVKCJE9U0CLVJA9KQ4VH538
Created HIT 11: HITId=2TEY2AOO2GMMSOH4Q4JCP6IAIR855Y
Created HIT 12: HITId=2LX0OHOVR14IBSHIVNTHHCWAEMJ56E
Created HIT 13: HITId=2KOXBAT2D5NQCVYVD4RJJ5TYUCS26A
Created HIT 14: HITId=23QJIA0RYNJ9GVC0WEWBPJTUPNC279
Created HIT 15: HITId=24ZMVHVKCJ01FSVNEXY9NQW69X357D
Created HIT 16: HITId=25CQIHPCGJ2DG9HJ6JOH3JPP07I28W
Created HIT 17: HITId=2RJQP6AUC26DUE0TBBUV3FK0KD029L
Created HIT 18: HITId=29DGULF395SWKV9HP6UN1NJB64HCQQ
Created HIT 19: HITId=2GH2MIKMN9U83HRJI7NW0I3S2NYARN
Created HIT 20: HITId=26LTVOK5UFJ5F606O2QF1QS1KH9853
Created HIT 21: HITId=2GDXX2Q45UUK4WRWXWN1QS8OOPHASB
Created HIT 22: HITId=2NDCPWZ9RNDWWWOH2LJN6DTG2QJCRR
Created HIT 23: HITId=2C88H88MQU6LJW4BMWSR0X4AQ8VAT0
Created HIT 24: HITId=2Y4VHVKCJ011YA0KTL0KTW61GCK86J
Created HIT 25: HITId=27JSNQQ7Q670J9J0M1I15TQC9M2AUR
Created HIT 26: HITId=2H6HOVR14IXK2AEPCV5CZA6XBN487I
Created HIT 27: HITId=2YJXERSQV66RZXAY3H8VZAVKQVI2A0
Created HIT 28: HITId=2YQMZ9O9Z6KWI7FQ9V8RULFQ8D32BV
Created HIT 29: HITId=2I3Y58B727M0WO80RRS61FSVNTBAVG
Created HIT 30: HITId=229GNTBJ3MMDBD85H1X2NHB9U2DAWQ
Created HIT 31: HITId=2N970G5R98D8XBOUHAJSWNYCOS2CSF
Created HIT 32: HITId=2JSOO2GMMEGO2OJ8M0XIDA2SM7A885
Created HIT 33: HITId=28RY8TNKIMZS0DDVR6TOP0PG34JAXJ
Created HIT 34: HITId=2Q9J85OZIZEH0I35W2FQ8EWP5ADAYP
Created HIT 35: HITId=2J4IKMN9U8P9CB196AOI6SUYQBGCT4
Created HIT 36: HITId=25ZOVR14IXKOGT2IRS3WD6X36DS89U
Created HIT 37: HITId=28UJK63ZVE3H58DASOH9ML5RB4HAZG
Created HIT 38: HITId=25F7H57DZKPFSC7WNV4M55L8QY32C2
Created HIT 39: HITId=2CZVKCJ011K2LCCNJYHW918NCVA8A9
Created HIT 40: HITId=26LTVOK5UFJ5F606O2QF1QS1KH9580
Created HIT 41: HITId=2DKDIPDOBDDPMXCCU84DBXMBBFJB0K
Created HIT 42: HITId=2C6X7H57DZKPTMXUQR8DP25LG7PB1N
Created HIT 43: HITId=2C6K5UFJ51Y74MHFPCHS4CSTUDV8B4
Created HIT 44: HITId=2JV5NQYN5F3QER9L3CDNFWYBCYV8CB
Created HIT 45: HITId=28GNJ92NJKM0JJFZ388YZ2GTXY78DB
Created HIT 46: HITId=2TYJ2D21O3W5BPTZZ3JI5KYEXA88E4
Created HIT 47: HITId=2BU26DG67D1XH3TVUE3ON2JE9BN8FM
Created HIT 48: HITId=2SST2D5NQYN5TBJGTUWT1MNC4NR59P
Created HIT 49: HITId=2PQMQU6L5OBVQQU77BVALJF7OJHEXI
Created HIT 50: HITId=2YQMZ9O9Z6KWI7FQ9V8RULFQ8D3B24
Created HIT 51: HITId=27D66RLPHIT3V3PQ5Y965NJQAQN8GL
Created HIT 52: HITId=2QH6KW4ZMAZHVZK1P4ROQNVRPQ08HK
Created HIT 53: HITId=2787Q67051QKQVKHC7HC4XMGQPBEYO
Created HIT 54: HITId=2ZS0RYNJ92NJYUTLL0ATXHYWA595A4
Created HIT 55: HITId=2PT727M0IGFKVLUM8TJVI4VIWJFEZF
Created HIT 56: HITId=2UHKPFE4EGDHRUVLVM99QZW6P3F8ID
Created HIT 57: HITId=2ZZPCGJ2D21OH4YDREAPSSI2SNU5BZ
Created HIT 58: HITId=26OAUC26DG67R9QJ5E6K3COKA8U5C6
Created HIT 59: HITId=2UVP8PJWKUDDM5FRD4U920B62I48JP
Created HIT 60: HITId=2IFERSQV66RL3PB9DVMWDVKIER3B3F
Created HIT 61: HITId=2V9SQV66RLPHW1WX5A1VNI62V865D6
Created HIT 62: HITId=2808IUB2YU98XPL9VPUL3FBJH748KO
Created HIT 63: HITId=2EF2Q45UUKQOCOGY6FESBOG09PNCUV
Created HIT 64: HITId=2C8VJ8EBDPGFZEOSZAQ9UNDWQDBF06
Created HIT 65: HITId=2DJINMHGYQ4JHV3RGP6MIFOY6798LR
Created HIT 66: HITId=2U0PDOBDDP8PX4DANRZXPB3QBYF2D2
Created HIT 67: HITId=2PZ88MQU6L5OP35YB5OX7AIJNWWCVK
Created HIT 68: HITId=2H3WSBRI8IUBG6NPIX8SWLB3TPVF31
Created HIT 69: HITId=2FN8B727M0IGTSATBKPFVVF4374CXN
Created HIT 70: HITId=2776AUC26DG6LLUDD9RFN0COSRZB40
Created HIT 71: HITId=2YDKCJ011K27IR0PU4N648N4EJDB9W
Created HIT 72: HITId=2WTNFSVGULF3NDLCG171IS3N6CZ8MT
Created HIT 73: HITId=29UGW40SPW1I1UAW84VJ6NABE0VD0T
Created HIT 74: HITId=26YFL6VCPWZ95V6CS2M1V7SNB298NT
Created HIT 75: HITId=2FILWSBRI8IUPARAJMAHVTLBBAG2EV
Created HIT 76: HITId=2ZZPCGJ2D21OH4YDREAPSSI2SNUB55
Created HIT 77: HITId=295QQ7Q670514S531FTTTC1XU5YCWU
Created HIT 78: HITId=2XE40SPW1INMVOR6EXUNDB6BNBVF2Q
Created HIT 79: HITId=2BUF806UFBNF639AVTU98SW6V5HF19
Created HIT 80: HITId=2U0PDOBDDP8PX4DANRZXPB3QBYFD2D
Created HIT 81: HITId=2TX806UFBNFS9ON1PH05VW6NOQV2GC
Created HIT 82: HITId=26VOBDDP8PJWY26TIBDB6Q397PRF4M
Created HIT 83: HITId=2GRO9Z6KW4ZMO7AX15CFT0ONVK75EZ
Created HIT 84: HITId=2NAVQ8H88MQUKTY4L93I4RXXCZY8RH
Created HIT 85: HITId=2YN7DZKPFE4EULATWGWLBI9N7LMF5R
Created HIT 86: HITId=2RIRYNJ92NJK08YRWXKUKYW2OI5B6L
Created HIT 87: HITId=2YN7DZKPFE4EULATWGWLBI9N7LM5FH
Created HIT 88: HITId=2AKD5NQYN5F348CWF7PMQCWYJTPB7K
Created HIT 89: HITId=2X5TBJ3MMDX5TX03GGBHE9MD5DYCYT
Created HIT 90: HITId=2BQLZ6R70G5RNG6OTHMEAWSS1CE8O8
Created HIT 91: HITId=2C6K5UFJ51Y74MHFPCHS4CSTUDVB87
Created HIT 92: HITId=2Q69Z6KW4ZMADPA71Z6Q3ONN3GXF67
Created HIT 93: HITId=23WZZ2MIKMN98GIP8HZTZWXIBHA8PP
Created HIT 94: HITId=2XE40SPW1INMVOR6EXUNDB6BNBV2FD
Created HIT 95: HITId=2FQTNKIMZSM5YNA8C2D0SGVFB72CZK
Created HIT 96: HITId=24192NJKM05B0RMARCN2JTP9ZZNFAX
Created HIT 97: HITId=25KGMMEGOOGQ6KFMSO12VEIU2JGBB6
Created HIT 98: HITId=29AZVXX2Q45U8SJ48UEIZ1NSGDW8QG
Created HIT 99: HITId=2G1MJUNU8LZ65FTWF508G8J333N2I4
Created HIT 100: HITId=2U6BDDP8PJWK8L6O7023T39Z80M5GG
Created HIT 101: HITId=25DR14IXKO2LNAAUMA1603YOK1VBAB
Created HIT 102: HITId=28G0LWSBRI8I8JVE4NZJKSTLJS1D1W
Created HIT 103: HITId=2EPH57DZKPFEIM9TRRD28L8IHCFD3O
Created HIT 104: HITId=2C18EBDPGFL69KIC9NINGWIO3Q82HB
Created HIT 105: HITId=2HAPW1INMHGY4CCJXO26EFMFNDE5I8
Created HIT 106: HITId=2MCFJ51Y7QEODNR62F3SWMOF5GTBE6
Created HIT 107: HITId=2X12D21O3W5XV8C5Z692NYEPTH5F9I
Created HIT 108: HITId=2DABRI8IUB2Y8H1ZR6KLE3L0N0Z5HF
Created HIT 109: HITId=2J11LY58B72708BWPY8D46YF0KV8TU
Created HIT 110: HITId=298V66RLPHITHPOCK9BI92NJYRHF76
Created HIT 111: HITId=2UKAC9KSSZVXBAJKF8LKTOYGV7C2KF
Created HIT 112: HITId=2V9SQV66RLPHW1WX5A1VNI62V86D5E
Created HIT 113: HITId=2C914IXKO2L9GP7S6OXX6YOCK4GBCD
Created HIT 114: HITId=2Z3KH1Q6SVQ8VG1208XL8OBVK7H2LI
Created HIT 115: HITId=21UJ011K274JLHD66KS8Q46U54SBDD
Created HIT 116: HITId=2VU1PC6SK9RJMDHFSD5HPAAPUD42Q7
Created HIT 117: HITId=2BU26DG67D1XH3TVUE3ON2JE9BNF8T
Created HIT 118: HITId=2N6Q1SNQQ7Q6L8YH0Y3NU12TY1H8S5
Created HIT 119: HITId=23H9O9Z6KW4Z0ISXR5ILIQ0OVCBD49
Created HIT 120: HITId=29QSV7WGKCCVZTWSKHUMKAPQC1P2SW
Created HIT 121: HITId=21UJ011K274JLHD66KS8Q46U54SDBF
Created HIT 122: HITId=26UGJ2D21O3WJ5AGT3GSL2KYME1D7T
Created HIT 123: HITId=2GFR24SMEZZ20QD2XNL8S9Y3GIC2JG
Created HIT 124: HITId=248YN5F3Q0JGJ1R2XQNYE49FHH8BFO
Created HIT 125: HITId=28GNJ92NJKM0JJFZ388YZ2GTXY7D8G
Created HIT 126: HITId=2NSUC26DG67DF5WBATB0FOK2R3HD6U
