~/dpatch/mturk/bin ~/dpatch/mturk/cluster_task
--[Initializing]----------
 Input: /home/gen/dpatch/mturk/cluster_task/cluster.input
 Properties: /home/gen/dpatch/mturk/cluster_task/cluster.properties
 Question File: /home/gen/dpatch/mturk/cluster_task/cluster.question
 Limiting HITs created to: 1200
 Preview mode disabled

WARNING: It appears you do not have enough funds in your account
The HITs you are trying to create will create a total liability of $50442.000
You current account balance is $10000.000

To continue this operation, please press ENTER (or press Ctrl+C to abort and fund your account first): 
--[Loading HITs]----------
  Start time: Mon Apr 08 18:27:39 EDT 2013
Created HIT 1: HITId=2MJY7QEOZFYQ695830FF0RDSC7SFI1
Created HIT 2: HITId=2X2CCVLL3CA3HUAQZ4VCCNQUFMD8YJ
Created HIT 3: HITId=2FNCOW0LGRZ3MKKVVQXVQUZWLGH8ZA
Created HIT 4: HITId=2YJQ6SVQ8H880YNMVJFBYCI1ZMD5O3
Created HIT 5: HITId=2TRKSSZVXX2QIDNAU4FYJNIW9C85NO
Created HIT 6: HITId=2IJK274J79KQAEUOXIXU0FCDCUDFH8
Created HIT 7: HITId=28J4IXKO2L92VM5CKKO31OCCNPSDCM
Created HIT 8: HITId=26DH8MZ9O9Z6Y4XFWOQHKRRLNFG908
Created HIT 9: HITId=2JMSMEZZ2MIK0V2AI30Y68TW4MY5MO
Created HIT 10: HITId=25Z1XERSQV665TIXS7UHYWAVS7M91B
Created HIT 11: HITId=2MX3Q0JG5TYM1KPELI0FCSSSPMHFJD
Created HIT 12: HITId=2X4MEGOOGQSC0EBQKGJELUUU8P4DDM
Created HIT 13: HITId=2QP46OQ1SNQQLYZNAJSQNCNR9R95PK
Created HIT 14: HITId=2BGT3DHJHP4BRLDWECZRVX9XB5J2V1
Created HIT 15: HITId=2RJQP6AUC26DUE0TBBUV3FK0KD092S
Created HIT 16: HITId=2VMBLYHVI44O6AD14M4NHZSBIEL2WB
Created HIT 17: HITId=214T6YTWX4H3VAIRER09JI6IRGR2X4
Created HIT 18: HITId=2IMIXKO2L92HSKPQGBUYRCCF815DEF
Created HIT 19: HITId=20I11K274J79YYPMBME49UXFK2KDFX
Created HIT 20: HITId=26XE4EGDHDM2JT1YJ1QW9HEZEDUBLT
Created HIT 21: HITId=2B8IHPCGJ2D2FWWCFB80MPPSQR0933
Created HIT 22: HITId=2JME6AUBXHWSVF81JNMB2WDRTML2YA
Created HIT 23: HITId=217EIB9BAWLS05I6F9OUG3MTZGP2Z1
Created HIT 24: HITId=2W151Y7QEOZFCYLHM6KMRFXRLHKDGW
Created HIT 25: HITId=202M05BMJTUHC4VW330RD7S54BHFKC
Created HIT 26: HITId=2QFBNVP3TVOKJ28ZFFP7TEOZNN630L
Created HIT 27: HITId=2J5JKM05BMJT8PRCCUKPCRA70UCDIO
Created HIT 28: HITId=2F55F3Q0JG5TCUGS6C24CF9S0HXDHV
Created HIT 29: HITId=2JJO3W5XH0JP30BIUC5POSP7D91DJ0
Created HIT 30: HITId=2XO7D1X3V0FKEKH0CX51P7PKSY1DKZ
Created HIT 31: HITId=25LW5XH0JPPSWADEO3CSS75KTBMFLF
Created HIT 32: HITId=227HIT3HVWAVYQZIXXH2472ZHY6DL2
Created HIT 33: HITId=2BLK4F0OHOVRFCBDU2TLC2HEKLQ325
Created HIT 34: HITId=2P1VCNHMVHVKQRTHBYT77J79SFC31O
Created HIT 35: HITId=200A0RYNJ92NXSFGFPDJWUHY4RW94O
Created HIT 36: HITId=2P7JWKUDD8XMPBJJJDRB9UTOEIKBMV
Created HIT 37: HITId=2LHMAZHHRRLF48H3X9IH4KHOH3WDM4
Created HIT 38: HITId=2ZCB2YU98JHS7T4JVE6BM9IOJ8UBNV
Created HIT 39: HITId=2SST2D5NQYN5TBJGTUWT1MNC4NR95T
Created HIT 40: HITId=2VMEGDHDM25LMQ239AXHHZ6OMT6DN4
Created HIT 41: HITId=2W342J1LY58BLA02AW7FNHD1ENV5QB
Created HIT 42: HITId=244HGYQ4J3NAPE4VWT6O1YIT9IZBOA
Created HIT 43: HITId=20EKUDD8XMB34B2FAPXUWO6TC3BDOJ
Created HIT 44: HITId=2KBVOK5UFJ51CFJUYD6YTS1C0I2969
Created HIT 45: HITId=23DHVKCJ011KGFXZHNBQZ618VTM978
Created HIT 46: HITId=2SKYU98JHSTLPBEGPPA9LOBJM87DP0
Created HIT 47: HITId=2A30XULRGNTBXBF2NBWFS7N6A9X5RC
Created HIT 48: HITId=2WAVGULF395SAEGWBTJ3QYNJJNVBPR
Created HIT 49: HITId=25ZOVR14IXKOGT2IRS3WD6X36DS98V
Created HIT 50: HITId=2R6O2GMMEGOOUYLSWK9AD2SEQJA99K
Created HIT 51: HITId=22OVCPWZ9RNDAQHBB6YSQ3DTOJHBQI
Created HIT 52: HITId=2GKMIKMN9U8PN6WO3ANXL3SU672BS7
Created HIT 53: HITId=2GOR70G5R98DMRWBOLNSVTNYK5JBRJ
Created HIT 54: HITId=2VACWY2AOO2G0U7WY27QVCM6QZQ33G
Created HIT 55: HITId=2Y6VR14IXKO2ZHVXOQNA9X3YW1S9AZ
Created HIT 56: HITId=2YYYQ4J3NAB6PNFVP2PYLT1TR4TDQR
Created HIT 57: HITId=2YDKCJ011K27IR0PU4N648N4EJD9BU
Created HIT 58: HITId=2AZV8ER9Y8TNYQFF20WKIHS2WBG5S0
Created HIT 59: HITId=26U6SK9RJ85ODQSUR01ASMOOYUU5TP
Created HIT 60: HITId=2CFX2Q45UUKQ2693SASNV8OG8QGBTW
Created HIT 61: HITId=2525UFJ51Y7QSWSV84J1FSTMW4D9C1
Created HIT 62: HITId=215QY2RCJK63D37JR5RKXIAQH815UG
Created HIT 63: HITId=2CPWGKCCVLL3QIWJWV1PT4C9VFA5V5
Created HIT 64: HITId=2GZHRRLFQ0ON13KXBY8OCEGRJWMHQ4
Created HIT 65: HITId=2K24F0OHOVR1IQQ0YGC95HEC4ZM341
Created HIT 66: HITId=2ALHVWAVKI621RJIBLTZC9QHE00HPD
Created HIT 67: HITId=2CUPWZ9RNDWI23U8H6E3GTGU9SEDSG
Created HIT 68: HITId=2CYULF395SW61OUV2HEYQJBYNQVDRS
Created HIT 69: HITId=27QH88MQU6L52JOSSFIX04AIR4NBUN
Created HIT 70: HITId=2UV8XMB3Q39ZEJZA32XT7EVS1K7HST
Created HIT 71: HITId=24BBJ3MMDX5F3FGMCY8BCMDXW7EDZL
Created HIT 72: HITId=230KMN9U8P9YHGMC6B93VUYIUPZDUW
Created HIT 73: HITId=2YQ8MQU6L5OB9KBH1BO4DIJFF5ADWV
Created HIT 74: HITId=2KVHJHP4BDDKUCRO16O903G3DWC5YE
Created HIT 75: HITId=28P0G5R98D8JH37N66JTQYCGBBSDT5
Created HIT 76: HITId=22DWJ5OPB0YVU71EWA27HP9UBQI5X8
Created HIT 77: HITId=2IANQQ7Q6705FYDSX5S2WQC15BWBVC
Created HIT 78: HITId=2OV1X3V0FK0C2SVZOFD7SKK9TGCFMH
Created HIT 79: HITId=2UZDM25L8I9ND4ZXODXOH4QWFIOHR5
Created HIT 80: HITId=2WVEY5COW0LG57WOM56LF6VN2OC5WF
Created HIT 81: HITId=2NFBAT2D5NQY1D8J0EAG8TYMV1C37L
Created HIT 82: HITId=2CUNHMVHVKCJE9U0CLVJA9KQ4VH356
Created HIT 83: HITId=22GHVI44OS2KZ21TXSQSEAP5JQG5Z5
Created HIT 84: HITId=2UCCF806UFBNT0OW4Z63C5SWECWE0N
Created HIT 85: HITId=24DP3TVOK5UFXDUEH45O2FYQ0QS63P
Created HIT 86: HITId=24DP3TVOK5UFXDUEH45O2FYQ0QS36M
Created HIT 87: HITId=2EKQ45UUKQOYUVBCB1J8RG018W8DVL
Created HIT 88: HITId=2I8P6AUC26DGKF6H7HM0IK0CW9I3AC
Created HIT 89: HITId=2P1IA0RYNJ921RD2AJ2MMTUH6LI388
Created HIT 90: HITId=2Y48JIA0RYNJNAGZU0R5EMJT26E61X
Created HIT 91: HITId=2ZIOUQIHPCGJGLVHYHN50H0JXE860U
Created HIT 92: HITId=248Q7Q67051QYKG7BGKQF1XMO7GDXO
Created HIT 93: HITId=2QQJHSTLB3L0TJCPS22JHJRE33LHTI
Created HIT 94: HITId=2DG2AOO2GMMEUWHW063M9IAAAHU66V
Created HIT 95: HITId=2KOXBAT2D5NQCVYVD4RJJ5TYUCS62E
Created HIT 96: HITId=2MQB727M0IGFYP6HGC6SYF4VQDADYU
Created HIT 97: HITId=22G58B727M0IUNDXNFXYISVFCKYBWM
Created HIT 98: HITId=2IFERSQV66RL3PB9DVMWDVKIER33B7
Created HIT 99: HITId=23SZHHRRLFQ02VGB1VSKKO9EOGRFOW
Created HIT 100: HITId=2WIOHOVR14IXYWV1JG8EFWA65SE67U
Created HIT 101: HITId=2T5HMVHVKCJ0F9DIHIA7CKQWEQO64A
Created HIT 102: HITId=2OZ57DZKPFE4SO6XN0T5O8I9VOCE43
Created HIT 103: HITId=2B8IHPCGJ2D2FWWCFB80MPPSQR039X
Created HIT 104: HITId=2NSUC26DG67DF5WBATB0FOK2R3H6DN
Created HIT 105: HITId=2Y0T3HVWAVKIKAGZ0GS75Z99Y6MFNH
Created HIT 106: HITId=28AQV66RLPHI7BAB6OMKL62NRFIE6O
Created HIT 107: HITId=2FILWSBRI8IUPARAJMAHVTLBBAGE27
Created HIT 108: HITId=2EPH57DZKPFEIM9TRRD28L8IHCF3DE
Created HIT 109: HITId=2LX0OHOVR14IBSHIVNTHHCWAEMJ65F
Created HIT 110: HITId=2TYW40SPW1IN0P9E0IA3QAB6J42E1Q
Created HIT 111: HITId=2P4Z9O9Z6KW4DU3FRVIROFQ0WC33CE
Created HIT 112: HITId=2GRO9Z6KW4ZMO7AX15CFT0ONVK7E58
Created HIT 113: HITId=2Z7DOBDDP8PJASNTNMOME3Q3HOG3E7
Created HIT 114: HITId=2QG8TNKIMZSMJS8X2GFM3PGVNSYBYL
Created HIT 115: HITId=28YNTBJ3MMDXJNINXKTKKB9MLM4BXF
Created HIT 116: HITId=2Z7DOBDDP8PJASNTNMOME3Q3HOGE3I
Created HIT 117: HITId=21CDD8XMB3Q3N7TRG8KO9T4E3H9FQ4
Created HIT 118: HITId=2Y4VHVKCJ011YA0KTL0KTW61GCK68H
Created HIT 119: HITId=2DM0SPW1INMHU6JKTHEAE6BFU4V3GO
Created HIT 120: HITId=2H3WSBRI8IUBG6NPIX8SWLB3TPV3FP
Created HIT 121: HITId=2L13NAB6BFMFTWRES7STMFDGMHSHU9
Created HIT 122: HITId=2KBVOK5UFJ51CFJUYD6YTS1C0I2696
Created HIT 123: HITId=2WQ06UFBNFSVU2EVDNWSZ6NG9483HN
Created HIT 124: HITId=2RB2D5NQYN5FHYTZQJKYPNCW60K6AL
Created HIT 125: HITId=2VYDHDM25L8INVSCGV5Z9OE4YLNFPD
Created HIT 126: HITId=28185OZIZEHMOII2Y2H5HWPXTM2BZC
Created HIT 127: HITId=2MPDZKPFE4EGRP62CJC8L9NZ4VX6GX
Created HIT 128: HITId=20QEBDPGFL6VQXPFJ5EDZIOV9HN3IG
Created HIT 129: HITId=2F5J92NJKM05PUC94VPW5GTPHGQE9Z
Created HIT 130: HITId=2Y7CGJ2D21O3ADQXAXGPVI2K6356CN
Created HIT 131: HITId=2RIRYNJ92NJK08YRWXKUKYW2OI56BG
Created HIT 132: HITId=2K9Y0LWSBRI8W24I8808MHSTT0JC0S
Created HIT 133: HITId=28AQV66RLPHI7BAB6OMKL62NRFI6EG
Created HIT 134: HITId=2E924SMEZZ2MWSF3J8ZPCY381LC3KR
Created HIT 135: HITId=2M998D8J3VE7A0L9XC3G6MCKGZ9HX1
Created HIT 136: HITId=2WL95SW6NG1F6BGEXX2YI1FZ0O1HVY
Created HIT 137: HITId=2RCC26DG67D1BBOGPYRCRK2JMQ2E7N
Created HIT 138: HITId=2JVIPDOBDDP83RP04R480MB3YSPC1V
Created HIT 139: HITId=2TYJ2D21O3W5BPTZZ3JI5KYEXA8E8A
Created HIT 140: HITId=2Q69Z6KW4ZMADPA71Z6Q3ONN3GX6FY
Created HIT 141: HITId=2GRRNDWIOV1SL0GJN77U43YD7X3HW8
Created HIT 142: HITId=22R2HECWA6X3CW5SPE3P8KXP173KLM
Created HIT 143: HITId=25TDDP8PJWKURL1DWPUQ69Z0JVA6HW
Created HIT 144: HITId=25F7H57DZKPFSC7WNV4M55L8QY3C2C
Created HIT 145: HITId=2FC98JHSTLB3Z88RTN9OEJEJZ3BFR5
Created HIT 146: HITId=2M5QYN5F3Q0JUDMEW13W1B49NY8EAE
Created HIT 147: HITId=20QEBDPGFL6VQXPFJ5EDZIOV9HNI3V
Created HIT 148: HITId=222H1Q6SVQ8HMGF64KC5RBVCQQ73MW
Created HIT 149: HITId=2P4Z9O9Z6KW4DU3FRVIROFQ0WC3C3N
Created HIT 150: HITId=204JUNU8LZ6RL89L1NZDBJ3VMWC3JS
Created HIT 151: HITId=29TRI8IUB2YUNGCX27CB6L0FJ8P6IP
Created HIT 152: HITId=2MCFJ51Y7QEODNR62F3SWMOF5GTEB9
Created HIT 153: HITId=2T1011K274J7NSJCGFZN76UXN1TECG
Created HIT 154: HITId=297W1INMHGYQIRW3KPXBIMFFWNE6J1
Created HIT 155: HITId=2NCFBNFSVGULTB2L2AXNJ1FSBCE6K0
Created HIT 156: HITId=2I63W5XH0JPP6QV08SGLVP75SA2EKT
Created HIT 157: HITId=2EWRSQV66RLPVQMJR9NAYKI6ACZC48
Created HIT 158: HITId=2X8SCM6IAA2SSQNA4EROTKKAC7YKKJ
Created HIT 159: HITId=2F84J3NAB6BF0N848C9T4TJFL5UFST
Created HIT 160: HITId=24RU8P9Y38TWA5BJ28PIP0JTI53HY7
Created HIT 161: HITId=2FPQEOZFYQS1Q0M2YTORGS4IKQUKHF
Created HIT 162: HITId=2B3F395SW6NGFNLJXCEJEYF1NO8FTI
Created HIT 163: HITId=2MCUKQOYGNIWFVLOYUR137SVOZ7HZY
Created HIT 164: HITId=2JP4J79KQW61MVXM4B6CG45XK39KI8
Created HIT 165: HITId=2J392HECWA6XH6HSMTRCS5KXXIYKJK
Created HIT 166: HITId=2JSC9KSSZVXXGYXL48BQRYGNQLH3LU
Created HIT 167: HITId=2C79746OQ1SN4Y06GLR54QKCVGH3NW
Created HIT 168: HITId=26EZ9RNDWIOVF008XH4TJU1362FFU9
Created HIT 169: HITId=2S5FSVGULF39J0PMXUSFV3NYV8RN9X
Created HIT 170: HITId=2L0XKO2L92HEQ43M7HPOFCF0KELEFR
Created HIT 171: HITId=2VVD2AC9KSSZ95QI0IWUXKQO653I00
Created HIT 172: HITId=2IMIXKO2L92HSKPQGBUYRCCF815EDG
Created HIT 173: HITId=234EGOOGQSCMKQ3QC65IXUU08D6EE9
Created HIT 174: HITId=2S4JTUHYW2GT3HKQH6WWP1696H4KPK
Created HIT 175: HITId=2UHXR24SMEZZGUB0W10UBP9YBX9I13
Created HIT 176: HITId=2L179KQW618NIENDPQ448XCE1CTKMO
Created HIT 177: HITId=2G4AZHHRRLFQEWG35581NHO9M57NE7
Created HIT 178: HITId=2Z5MHGYQ4J3NOJZRP06FRYYI1Q9NAC
Created HIT 179: HITId=2HJ1K274J79K44ZHI1V6XXFCLTLEGQ
Created HIT 180: HITId=2HY5R98D8J3VSFP827EYFG3MK9OFVY
Created HIT 181: HITId=20N1Y7QEOZFY40US27DOIXRD0TYEHP
Created HIT 182: HITId=2HAPW1INMHGY4CCJXO26EFMFNDEI5L
Created HIT 183: HITId=2G1MJUNU8LZ65FTWF508G8J333NI2K
Created HIT 184: HITId=2PI6UFBNFSVG8T8JJJJW9NG1NHJI4G
Created HIT 185: HITId=2ZCB2YU98JHS7T4JVE6BM9IOJ8UNB7
Created HIT 186: HITId=2HZFL42J1LY5MJ0IH0RIJFKHLQM3OB
Created HIT 187: HITId=295TL0XULRGN7JCJW04X8FP7VVI3PS
Created HIT 188: HITId=2V6ZFYQS1CST0W8D1RJ4LC1E623KNO
Created HIT 189: HITId=2UHKPFE4EGDHRUVLVM99QZW6P3FI8N
Created HIT 190: HITId=27M5UUKQOYGNW4U32MFG31070KWFX1
Created HIT 191: HITId=29TRI8IUB2YUNGCX27CB6L0FJ8PI61
Created HIT 192: HITId=2FJTHV8ER9Y87VDYWDJM8KFH0R43QJ
Created HIT 193: HITId=20Y5TYMNCWYBIH8P26JH011JWC8KO3
Created HIT 194: HITId=2GOKW4ZMAZHH5ZEV0EFNQVRH99XI9C
Created HIT 195: HITId=2VMEGDHDM25LMQ239AXHHZ6OMT6NDE
Created HIT 196: HITId=2TJPC6SK9RJ8JWSY9S8MDAPMWD63RK
Created HIT 197: HITId=2SVDP8PJWKUDRGQ2LHH3CZ0BEJ9I70
Created HIT 198: HITId=2VU1PC6SK9RJMDHFSD5HPAAPUD4Q2V
Created HIT 199: HITId=261WKUDD8XMBHYWP9E26XTO61TUNCE
Created HIT 200: HITId=27DJ8EBDPGFLK3556D0RQDWIWKHG19
Created HIT 201: HITId=29ACXKNQY2RCXSZJ9953KR0K27QQ1E
Created HIT 202: HITId=214N9U8P9Y3874PDSHJU1IM0RIQFW8
Created HIT 203: HITId=2YIJPPSI2KYE3TL5HJBLP6WJBDQKQB
Created HIT 204: HITId=2Y0T3HVWAVKIKAGZ0GS75Z99Y6MNFP
Created HIT 205: HITId=2DNXH0JPPSI2Y675V6G78KLMELZNHN
Created HIT 206: HITId=24NF3Q0JG5TY0V5C8PV9I9SS06DEII
Created HIT 207: HITId=2TFKNQY2RCJKKBSBOH8R3KUIIFP3S8
Created HIT 208: HITId=2P4QU6L5OBVCW9KD7I1IMF7G2QQFY7
Created HIT 209: HITId=27PQ67051QKC1ZUI34310MGI8KUFZY
Created HIT 210: HITId=241KM05BMJTUV6PIQ7G9UA7SDL2EJU
Created HIT 211: HITId=2TX806UFBNFS9ON1PH05VW6NOQVG2Q
Created HIT 212: HITId=2LWGDHDM25L8WHGF6K8E26OECFCEOD
Created HIT 213: HITId=2CEAVKI62NJQG90I9N0QK6BKT1BKS0
Created HIT 214: HITId=28RZJMJUNU8LDEKNAUWRC8D8RSBG06
Created HIT 215: HITId=2CIFK0COK2JEFU05UY0LUW6O7ZSKRC
Created HIT 216: HITId=2UJX3V0FK0COYACUB0YPNK9LZLMNGO
Created HIT 217: HITId=26ZIT3HVWAVKWEV3T4T1A2Z9HFXEMY
Created HIT 218: HITId=2YWCWA6X3YOCQNTSZJBXSTINQ7DNOB
Created HIT 219: HITId=2W342J1LY58BLA02AW7FNHD1ENVQ5W
Created HIT 220: HITId=2HNBMJTUHYW2U1IP1OYS8WM1EYENIG
Created HIT 221: HITId=23K5L8I9NZW6VMSMYSVQZ7T8EYWKUG
Created HIT 222: HITId=2H1G5TYMNCWYPC2VJ6JSKX11RD3NJS
Created HIT 223: HITId=2FJTHV8ER9Y87VDYWDJM8KFH0R4Q36
Created HIT 224: HITId=2NORLPHIT3HVAIO0SKTNMQ21FRFIAR
Created HIT 225: HITId=2DM0SPW1INMHU6JKTHEAE6BFU4VG31
Created HIT 226: HITId=24BL0XULRGNTPRW2WRO5IP7NER0Q4R
Created HIT 227: HITId=2NPD1X3V0FK0QWDITSSMAPKKHA7ELW
Created HIT 228: HITId=2U6BDDP8PJWK8L6O7023T39Z80MG5R
Created HIT 229: HITId=2V6ZFYQS1CST0W8D1RJ4LC1E623NKR
Created HIT 230: HITId=2G4AZHHRRLFQEWG35581NHO9M57ENY
Created HIT 231: HITId=289LFQ0ONNVRV9DXYN5GUB76VKPKTP
Created HIT 232: HITId=2UK1O3W5XH0J3XLYCYPESLSPFU0ICT
Created HIT 233: HITId=2JZECWA6X3YOQK8GM3WK0PTIV7YNMW
Created HIT 234: HITId=2NVG67D1X3V0TSTSYYTJH1M7X90IBM
Created HIT 235: HITId=2WGQS1CSTMOFBZ68EW31HYDN58VNQJ
Created HIT 236: HITId=2E4B3Q39Z0B681HM3I5VVTVRS55KV5
Created HIT 237: HITId=2AGMNCWYB49FN0L8RBS1MONS1UXNRK
Created HIT 238: HITId=20P9KQW618N4K2QVMRV50CETV28NLU
Created HIT 239: HITId=2YATLB3L0FBJNQHRTSARHVE5ZE7KWF
Created HIT 240: HITId=2D2UDD8XMB3QHHSGLKLTR6T4MK8EPU
Created HIT 241: HITId=24NF3Q0JG5TY0V5C8PV9I9SS06DIEM
Created HIT 242: HITId=22ESBRI8IUB2C22OTVJTOB3L84RG4M
Created HIT 243: HITId=2MAW6NG1FS3NCVCR8TSF2SZLAM7KYE
Created HIT 244: HITId=29AZVXX2Q45U8SJ48UEIZ1NSGDWQ8Y
Created HIT 245: HITId=2I2274J79KQWK913EKLXICD4DMSIG3
Created HIT 246: HITId=2T46IAA2SEIU82TGY4BKD4II0X8NNW
Created HIT 247: HITId=24SB6BFMFFOYCQMH3X6DJESC8GDKX8
Created HIT 248: HITId=2MPDZKPFE4EGRP62CJC8L9NZ4VXG67
Created HIT 249: HITId=2JGU98JHSTLBHTTVLX0IRBJERGUEQL
Created HIT 250: HITId=2Q2QW618N46UBN5TEJOCHTND0C9NPS
Created HIT 251: HITId=2XGQ4J3NAB6BTU8VYCPIW1TJN2WERM
Created HIT 252: HITId=2J5JKM05BMJT8PRCCUKPCRA70UCIDT
Created HIT 253: HITId=2XCLF395SW6NU988D1PNMBYF94FESA
Created HIT 254: HITId=256GQSCM6IAAG07Y48L03OQKSZKIIV
Created HIT 255: HITId=2IQN46UXFCD4J55U314SQTKIVS9SU5
Created HIT 256: HITId=2OM6OQ1SNQQ74E0GFFHKFNR1AI6Q6C
Created HIT 257: HITId=2T7WZ9RNDWIO99LN21UDWGU1BNTETZ
Created HIT 258: HITId=2ACHYW2GTP9ROFLL60S6CYSONWGNS8
Created HIT 259: HITId=27OSVQ8H88MQ8EELYPMCL1RX5TQQ7B
Created HIT 260: HITId=267SI2KYEPLS3FY0V0XWM3OAPFUNTX
Created HIT 261: HITId=2OIG5R98D8J39M0C26KN1CG3U10EUQ
Created HIT 262: HITId=2MJY7QEOZFYQ695830FF0RDSC7SIF4
Created HIT 263: HITId=25RZ6KW4ZMAZVPK7VTH0RNNVZ6HG76
Created HIT 264: HITId=27GN5F3Q0JG576F3MAPB79F90H8GCZ
Created HIT 265: HITId=2Z2MN9U8P9Y3M1PC7WUSXYIM889EVF
Created HIT 266: HITId=2VHZ2MIKMN9UMX2EDMKWZXI30JEQ9N
Created HIT 267: HITId=21GEPLSP75KL0EPZD21HTEQVRGKSY3
Created HIT 268: HITId=2J845UUKQOYG1QPHX6ZOJ010FHBEWP
Created HIT 269: HITId=2NF3YOCCF0CPJSQ53WEILXYGCE2STE
Created HIT 270: HITId=2162L92HECWAK5WEYQ3F3CP5SM5IH2
Created HIT 271: HITId=22H6R70G5R98RGCJ5SYWVSTN61WQA2
Created HIT 272: HITId=27D66RLPHIT3V3PQ5Y965NJQAQNG8T
Created HIT 273: HITId=25KL92HECWA6BBR4MQ60FP5K5E9IJ7
Created HIT 274: HITId=2TATMOFXRDS4WKUU8REXMFM19ZISVU
Created HIT 275: HITId=2TK6DG67D1X39880AQFK5JE1UW5G9I
Created HIT 276: HITId=2DGB49F9SSSHB9UZY1JT8H5FG8KSW4
Created HIT 277: HITId=2Z3KH1Q6SVQ8VG1208XL8OBVK7HL21
Created HIT 278: HITId=2KFUYT3DHJHPIJ6TUUVYBRSXHMJT0S
Created HIT 279: HITId=2C2I62NJQ217G72P0VXBNLCVM0ANVD
Created HIT 280: HITId=2EXB0HFL42J1Z6YOLLT7P0IGN9XL0H
Created HIT 281: HITId=24VWIOV1S7SNHLMW4FUYGZ8NGGBKZ5
Created HIT 282: HITId=2KR5SW6NG1FSHVR3TPPF4FZS7AIIW2
Created HIT 283: HITId=2W80ONNVRH1KVW2UQ5279NV9T9CNWN
Created HIT 284: HITId=20KD21O3W5XHERI52WTK1EPL0ENGAX
Created HIT 285: HITId=2JYTP9RA7S5W09ZP86FFA0JMPAQSXX
Created HIT 286: HITId=2O8EOZFYQS1C61F4PBIDV4IC93EIL9
Created HIT 287: HITId=2JP4J79KQW61MVXM4B6CG45XK39IK6
Created HIT 288: HITId=2HJ1K274J79K44ZHI1V6XXFCLTLGES
Created HIT 289: HITId=20R2NJKM05BMX1NX8ATGWP9RIW8GBS
Created HIT 290: HITId=2YZRRLFQ0ONN9ZAHUVF9HGRBFV3IRZ
Created HIT 291: HITId=27IJG5TYMNCWCJXPPNJSVHX1984IMB
Created HIT 292: HITId=2DJVP9746OQ16VJ6H4X7351QS13L1K
Created HIT 293: HITId=28K4SMEZZ2MIYUGP4MG9138T4LDL4X
Created HIT 294: HITId=21ICOK2JE1M73SDPV5N6RZAC8T1NUO
Created HIT 295: HITId=2HNBMJTUHYW2U1IP1OYS8WM1EYEINB
Created HIT 296: HITId=2W151Y7QEOZFCYLHM6KMRFXRLHKGDZ
Created HIT 297: HITId=29DGULF395SWKV9HP6UN1NJB64HQC4
Created HIT 298: HITId=2J1E1M7PKK9L54Z49O307LZXXAOSZU
Created HIT 299: HITId=2YYYQ4J3NAB6PNFVP2PYLT1TR4TQD4
Created HIT 300: HITId=2MFH0JPPSI2KCMI123Y5NLM648JIOQ
Created HIT 301: HITId=2ELV0FK0COK2XMU2H3BKCLRWEDFIP7
Created HIT 302: HITId=2XVHDM25L8I917PMRSQ6RE4Q4W9QGE
Created HIT 303: HITId=2VYOOGQSCM6IOIV8OWLUX00OY90GG9
Created HIT 304: HITId=2JSC9KSSZVXXGYXL48BQRYGNQLHL3C
Created HIT 305: HITId=2ZFKO2L92HECAIZDDCFCFF0CXU0GFA
Created HIT 306: HITId=2KZVWAVKI62NXYVHHGQ9CQH6J91IQY
Created HIT 307: HITId=294EZZ2MIKMNN215JCU8WWWXQS8O71
Created HIT 308: HITId=2YVM25L8I9NZAEAU9KFE7QW71XMISN
Created HIT 309: HITId=20LNAB6BFMFF26RY3FKJIDGE01GIVS
Created HIT 310: HITId=25L3FDEY5COWET979HZCUFLCEK3T2C
Created HIT 311: HITId=2UQXMB3Q39Z0PEN9YKK4HVST3G0ITC
Created HIT 312: HITId=2P1HSTLB3L0FPR2YYPAEMREVMU7IU3
Created HIT 313: HITId=204JUNU8LZ6RL89L1NZDBJ3VMWCJ38
Created HIT 314: HITId=2QC8P9Y38TWWBQW84C9M3JTAOCMIZS
Created HIT 315: HITId=2E2NQY2RCJK6H7OUDVI0NUIAYYZT48
Created HIT 316: HITId=2J1ENLVWJ5OPP8RBQDZYPWB7MEPT1V
Created HIT 317: HITId=20CNU8LZ6R70UDKPIRZJ6VE74H8L52
Created HIT 318: HITId=2SVPGFL6VCPWDHK3NA9OY1S70CJL6I
Created HIT 319: HITId=22QI9NZW6HEZKW7K0AYTB69G2BINXG
Created HIT 320: HITId=22T3L0FBJ9IOPR7Z1SME8RPRABGNZD
Created HIT 321: HITId=2Q9NDWIOV1S76VWT3UL16YDZGCOIXV
Created HIT 322: HITId=2JGU98JHSTLBHTTVLX0IRBJERGUQEX
Created HIT 323: HITId=28R8D8J3VE7W60M38Q73PCK8IIIIY1
Created HIT 324: HITId=2PAV7WGKCCVLZB5QDHDHDPQ4KY3T3N
Created HIT 325: HITId=21CDD8XMB3Q3N7TRG8KO9T4E3H9QFF
Created HIT 326: HITId=2K839Z0B6UTOK1XU56KVUKGP4HCNYM
Created HIT 327: HITId=2UV2AC9KSSZVB5V6EJLUNQOYOCYJ1G
Created HIT 328: HITId=25KL92HECWA6BBR4MQ60FP5K5E9JI8
Created HIT 329: HITId=2V9ILKH1Q6SV4GAOI0HU9L5OJKSJ0D
Created HIT 330: HITId=2GZHRRLFQ0ON13KXBY8OCEGRJWMQHD
Created HIT 331: HITId=26U6SK9RJ85ODQSUR01ASMOOYUUT5D
Created HIT 332: HITId=2BXBNFSVGULFHHY86KEG4FS3VN3L7H
Created HIT 333: HITId=2ZQIUB2YU98JV0M1LHC0IBJ9QDRL9T
Created HIT 334: HITId=2DJINMHGYQ4JHV3RGP6MIFOY679L84
Created HIT 335: HITId=2HZFL42J1LY5MJ0IH0RIJFKHLQMO3W
Created HIT 336: HITId=2BQY1THV8ER9CGM3UWDZVM5KN68O14
Created HIT 337: HITId=2IG7QEOZFYQSFKL9W26XUDS4Q1HGJD
Created HIT 338: HITId=2581SNQQ7Q67EDU6UQER42TQKQDT94
Created HIT 339: HITId=2YD8ER9Y8TNKWUS8WJBFKS2OUP5T6T
Created HIT 340: HITId=2E2O2L92HECWOEQJ823CI0CPD9DGH8
Created HIT 341: HITId=2HFULRGNTBJ30U6DFTG7Q62KP0PT7S
Created HIT 342: HITId=2I2274J79KQWK913EKLXICD4DMSGI1
Created HIT 343: HITId=2C4EC1PC6SK95R1LYD9ZHHMAIE2O01
Created HIT 344: HITId=2J11LY58B72708BWPY8D46YF0KVT8F
Created HIT 345: HITId=2YIJPPSI2KYE3TL5HJBLP6WJBDQQKH
Created HIT 346: HITId=2KZVWAVKI62NXYVHHGQ9CQH6J91QI6
Created HIT 347: HITId=2C88H88MQU6LJW4BMWSR0X4AQ8VTAJ
Created HIT 348: HITId=2WLQ0JG5TYMNQ4RREN69VSSH5QHGKC
Created HIT 349: HITId=28P0G5R98D8JH37N66JTQYCGBBSTDL
Created HIT 350: HITId=2CFX2Q45UUKQ2693SASNV8OG8QGTBE
Created HIT 351: HITId=2XANTL0XULRG114ZD0DD05FPFCMO2L
Created HIT 352: HITId=2GFR24SMEZZ20QD2XNL8S9Y3GICJ2X
Created HIT 353: HITId=2UVP8PJWKUDDM5FRD4U920B62I4J80
Created HIT 354: HITId=2PWBDPGFL6VC34SP114WLOV10W8J4T
Created HIT 355: HITId=21405BMJTUHYAA99ZNIAAS5WUQMGLF
Created HIT 356: HITId=297W1INMHGYQIRW3KPXBIMFFWNEJ6E
Created HIT 357: HITId=26R746OQ1SNQ4FJMHEW1TKCNZQIO4H
Created HIT 358: HITId=2G2PFE4EGDHD0AY1IW0N2W6HMOMJ9P
Created HIT 359: HITId=2KD0FK0COK2JS9FNZYB9ORW6WOQQJI
Created HIT 360: HITId=26QPJWKUDD8X0JW6DNQ0E6UTWV9LA8
Created HIT 361: HITId=2Q2SSZVXX2Q4J2N002PGQIW1VHOO62
Created HIT 362: HITId=2YJQ6SVQ8H880YNMVJFBYCI1ZMDO5M
Created HIT 363: HITId=2HOUFBNFSVGUZNWPF6N6QG1F0S3J5Y
Created HIT 364: HITId=2BT2YU98JHSTZJW1AT2JCIOBR3ZOCU
Created HIT 365: HITId=2KE5XH0JPPSIGSRUZZJPA5KLUVCGMH
Created HIT 366: HITId=2J4IKMN9U8P9CB196AOI6SUYQBGTCL
Created HIT 367: HITId=2N9LPHIT3HVWO3DYGGEJT217AOPJBZ
Created HIT 368: HITId=2B3F395SW6NGFNLJXCEJEYF1NO8TFW
Created HIT 369: HITId=2S9I8IUB2YU9MRA83Z23O0FBRYYJ7D
Created HIT 370: HITId=2BQLZ6R70G5RNG6OTHMEAWSS1CEO8O
Created HIT 371: HITId=2XXL6VCPWZ9R1LPYY9SSASN3LIWO9D
Created HIT 372: HITId=27MJ3NAB6BFMTNHE8WK1WJFDO38TGV
Created HIT 373: HITId=2T7WZ9RNDWIO99LN21UDWGU1BNTTEE
Created HIT 374: HITId=2MTMJTUHYW2G7X27KLJ5ZM16HN8OJ8
Created HIT 375: HITId=26XE4EGDHDM2JT1YJ1QW9HEZEDULB3
Created HIT 376: HITId=218W618N46UXTK6KFB3EWNDSVI0QO1
Created HIT 377: HITId=2JJO3W5XH0JP30BIUC5POSP7D91JD6
Created HIT 378: HITId=2N2W4ZMAZHHR5T86A2ENYRH1S64JA4
Created HIT 379: HITId=2LWGDHDM25L8WHGF6K8E26OECFCOEN
Created HIT 380: HITId=231TUHYW2GTPNZ3N2JNM469Y0DVQLK
Created HIT 381: HITId=244HGYQ4J3NAPE4VWT6O1YIT9IZOBN
Created HIT 382: HITId=2BR8JHSTLB3LEN4ZJWFBMEJRMKUGST
Created HIT 383: HITId=2RHHHRRLFQ0O1VO7RFBHR9EGZ0NGPD
Created HIT 384: HITId=2QQJHSTLB3L0TJCPS22JHJRE33LTHU
Created HIT 385: HITId=2UJX3V0FK0COYACUB0YPNK9LZLMGNH
Created HIT 386: HITId=20EKUDD8XMB34B2FAPXUWO6TC3BODU
Created HIT 387: HITId=2ZB3HVWAVKI6GVC6CFY2299QPVRGOW
Created HIT 388: HITId=2UQXMB3Q39Z0PEN9YKK4HVST3G0TIN
Created HIT 389: HITId=227HIT3HVWAVYQZIXXH2472ZHY6LDA
Created HIT 390: HITId=2DMZMAZHHRRLTYT4X1MRK1KHWYULCA
Created HIT 391: HITId=2XVHDM25L8I917PMRSQ6RE4Q4W9GQ4
Created HIT 392: HITId=2UY67D1X3V0FY854UGAE4M7PS9PJC6
Created HIT 393: HITId=2BVD8XMB3Q39D84M47F6W4EV0IBGR5
Created HIT 394: HITId=2ZB3HVWAVKI6GVC6CFY2299QPVROG4
Created HIT 395: HITId=2MX3Q0JG5TYM1KPELI0FCSSSPMHJFH
Created HIT 396: HITId=23SZHHRRLFQ02VGB1VSKKO9EOGROF5
Created HIT 397: HITId=2NPD1X3V0FK0QWDITSSMAPKKHA7LE3
Created HIT 398: HITId=25LW5XH0JPPSWADEO3CSS75KTBMLFL
Created HIT 399: HITId=241KM05BMJTUV6PIQ7G9UA7SDL2JEZ
Created HIT 400: HITId=2WGQS1CSTMOFBZ68EW31HYDN58VQNM
Created HIT 401: HITId=2IG7QEOZFYQSFKL9W26XUDS4Q1HJGG
Created HIT 402: HITId=27MJ3NAB6BFMTNHE8WK1WJFDO38GTI
Created HIT 403: HITId=2K80JG5TYMNCA64KJT0SVSHX9QZLHJ
Created HIT 404: HITId=2YWCWA6X3YOCQNTSZJBXSTINQ7DONC
Created HIT 405: HITId=2MBYMNCWYB49THL82VO14JON0ILQMM
Created HIT 406: HITId=2DSVKI62NJQ2FFVFJNHH9BKLKKUTL1
Created HIT 407: HITId=2IF3V0FK0COKGR7HWLGKN9LR4V4OH3
Created HIT 408: HITId=2MFH0JPPSI2KCMI123Y5NLM648JOIW
Created HIT 409: HITId=22X395SW6NG1T0W381AB1F1F7HFGU9
Created HIT 410: HITId=23OIAA2SEIUU88T40YBA7IISGHIOOR
Created HIT 411: HITId=2J392HECWA6XH6HSMTRCS5KXXIYJKJ
Created HIT 412: HITId=2U425L8I9NZWKP7FG254TW7TGVPTJZ
Created HIT 413: HITId=25YQSCM6IAA26MBA48R0RQKKITYJJK
Created HIT 414: HITId=20Y5TYMNCWYBIH8P26JH011JWC8OK7
Created HIT 415: HITId=21405BMJTUHYAA99ZNIAAS5WUQMLGK
Created HIT 416: HITId=2ORKQW618N46858SNIWXFETNLH3OMC
Created HIT 417: HITId=2OMJ79KQW6181CZA7T3D75XCMI3JLM
Created HIT 418: HITId=2DH9RNDWIOV16FL3DRKGX13YLOOGVY
Created HIT 419: HITId=25HFYQS1CSTM2NQ7N6VIF1EYLCDOLA
Created HIT 420: HITId=2O8EOZFYQS1C61F4PBIDV4IC93ELIC
Created HIT 421: HITId=289LFQ0ONNVRV9DXYN5GUB76VKPTKY
Created HIT 422: HITId=2TEA6X3YOCCFEKILUBGTLNII5NWQPI
Created HIT 423: HITId=2XNR98D8J3VEL4L831PCJ3MCSXQGW8
Created HIT 424: HITId=2359U8P9Y38TA4QYD6LYLM0J1ZWGX1
Created HIT 425: HITId=2ZSA2SEIUUU0EWJ0UOVILS8SAJIQQ9
Created HIT 426: HITId=2VUWA6X3YOCCT855FYOPWINIQMEOP8
Created HIT 427: HITId=2W20COK2JE1MLXD0JZIW9OZAKPKTM3
Created HIT 428: HITId=267SI2KYEPLS3FY0V0XWM3OAPFUTN3
Created HIT 429: HITId=27WOZFYQS1CS7UHV754S7IC1MNTJMO
Created HIT 430: HITId=2BZYW2GTP9RAL0YCWFX91SOFFPZTOI
Created HIT 431: HITId=218W618N46UXTK6KFB3EWNDSVI0OQZ
Created HIT 432: HITId=2LNUUKQOYGNIA9G8I270407S35QGY7
Created HIT 433: HITId=2H1G5TYMNCWYPC2VJ6JSKX11RD3JNO
Created HIT 434: HITId=238U6L5OBVCIFZQDEO9JI7GU9ZUGZY
Created HIT 435: HITId=2OMJ79KQW6181CZA7T3D75XCMI3LJO
Created HIT 436: HITId=2RVZXR24SMEZDAFYU0E9X8P96SOH06
Created HIT 437: HITId=2QHJMJUNU8LZKZ0GQJI9BD8JBKUH19
Created HIT 438: HITId=2MTMJTUHYW2G7X27KLJ5ZM16HN8JO3
Created HIT 439: HITId=2EZ0JPPSI2KYSXE8ZLWKOM6WRS4JPK
Created HIT 440: HITId=2C18EBDPGFL69KIC9NINGWIO3Q8H2Q
Created HIT 441: HITId=235CWYB49F9S60ADBFAOQST5PUVTPZ
Created HIT 442: HITId=2DS6X3YOCCF0QXY073KIQIIX65KQRA
Created HIT 443: HITId=29JCSTMOFXRD6CBSBSPDQXJFUQHTQQ
Created HIT 444: HITId=2KD0FK0COK2JS9FNZYB9ORW6WOQJQB
Created HIT 445: HITId=2DO18N46UXFCRCYDMSKNGSNTS73QSY
Created HIT 446: HITId=2YDWAVKI62NJ4AUNCD09TH6BSASJRC
Created HIT 447: HITId=2WQ06UFBNFSVU2EVDNWSZ6NG948H31
Created HIT 448: HITId=29JCSTMOFXRD6CBSBSPDQXJFUQHQTN
Created HIT 449: HITId=24UWYB49F9SS6PQHBXFNVT5HD4OQUE
Created HIT 450: HITId=2LISPW1INMHGCYXZD11B9BFMN44H4M
Created HIT 451: HITId=22R2HECWA6X3CW5SPE3P8KXP173LKN
Created HIT 452: HITId=2DABRI8IUB2Y8H1ZR6KLE3L0N0ZH5R
Created HIT 453: HITId=2Y9RLFQ0ONNV5PU0R20EJRB7ECBJS0
Created HIT 454: HITId=2U425L8I9NZWKP7FG254TW7TGVPJTP
Created HIT 455: HITId=2FE2GTP9RA7SJ4FHGNPSRF70RBXQV3
Created HIT 456: HITId=2PFMB3Q39Z0BK2M4G7VEYSTVZ9WJUG
Created HIT 457: HITId=27ACM6IAA2SEW2NAAEFQNKA4Q78LLQ
Created HIT 458: HITId=20ZSTLB3L0FBXHB4LX5JUEVEDG5JV5
Created HIT 459: HITId=25TDDP8PJWKURL1DWPUQ69Z0JVAH67
Created HIT 460: HITId=2QKHECWA6X3Y2K5VAQG5NXPTQCYLMS
Created HIT 461: HITId=2K5AB6BFMFFOC6B9B7AFGGESKP7JWF
Created HIT 462: HITId=2QNSW6NG1FS316GZLC61IZSZTRDJX8
Created HIT 463: HITId=2ZKKYEPLSP75YTFM6XUODHQEYKZQWD
Created HIT 464: HITId=2522JE1M7PKKNTKCG2QAF04L7M5QX6
Created HIT 465: HITId=285DWIOV1S7S1B69Q8S31DZ8VX7JYE
Created HIT 466: HITId=2NKNJQ2172Z9NYAMLYCCYEBU9SZQYC
Created HIT 467: HITId=2NJ8N46UXFCDIDQSO7EDVNTKQCJTRR
Created HIT 468: HITId=2NF3YOCCF0CPJSQ53WEILXYGCE2TSF
Created HIT 469: HITId=2QQD8J3VE7WS61GEMUUMFK8A1RBJZ5
Created HIT 470: HITId=2F8S1CSTMOFX5LLKSQSE1DNXR42OR0
Created HIT 471: HITId=255NVRH1KHO9SOKRHKEVCLKWFM3QZ3
Created HIT 472: HITId=2BZYW2GTP9RAL0YCWFX91SOFFPZOTD
Created HIT 473: HITId=29E1VP9746OQF0G60LH6A051Y9SK0D
Created HIT 474: HITId=2F4NCWYB49F960LX7FSJRNSTD6LOSO
Created HIT 475: HITId=280LKH1Q6SVQMP1OW4L6O5OB31YK1G
Created HIT 476: HITId=2QH6KW4ZMAZHVZK1P4ROQNVRPQ0H8T
Created HIT 477: HITId=2JAEIUUU00OQYS3KSWJ8V2U2EXGTT4
Created HIT 478: HITId=2E924SMEZZ2MWSF3J8ZPCY381LCK38
Created HIT 479: HITId=2H1PPSI2KYEPZ0INFYCM9WJ3WZXLRG
Created HIT 480: HITId=2OOO33FDEY5C24T1Q5Q3BCRFT1MR0D
Created HIT 481: HITId=20P9KQW618N4K2QVMRV50CETV28LNS
Created HIT 482: HITId=2JODG67D1X3VENDGM2B2ME1MFE0HAX
Created HIT 483: HITId=2NA8SV7WGKCC9TEJMOU3PHAPYTSR1G
Created HIT 484: HITId=2OVZKPFE4EGDVLFIFZZICNZWE6UH76
Created HIT 485: HITId=2HUOK2JE1M7PYS211AXO2AC0CAFOVT
Created HIT 486: HITId=231TUHYW2GTPNZ3N2JNM469Y0DVLQF
Created HIT 487: HITId=21062NJQ2172DH26RK2KOCVEJJHOW3
Created HIT 488: HITId=25HFYQS1CSTM2NQ7N6VIF1EYLCDLO7
Created HIT 489: HITId=2CO6RLPHIT3H943BUWX2QJQ29WIH9I
Created HIT 490: HITId=2P546UXFCD45BK79XRJNWKINBIWTVK
Created HIT 491: HITId=2IBHV8ER9Y8T1SB296D5NFHSAD2R4T
Created HIT 492: HITId=2DSVKI62NJQ2FFVFJNHH9BKLKKULTT
Created HIT 493: HITId=2HXK0COK2JE10FI0UNCRZ6OZI1GLS4
Created HIT 494: HITId=27L9Z0B6UTO67C7B27MRNGPW0LLOZT
Created HIT 495: HITId=231UNU8LZ6R7EOY7JM48M3VEFL8K4T
Created HIT 496: HITId=2UKAC9KSSZVXBAJKF8LKTOYGV7CK2X
Created HIT 497: HITId=2VTDPGFL6VCPA727XRNIRV1SFH3K5Y
Created HIT 498: HITId=2JV21O3W5XH0XXI8SGBYHPLSXWLHBS
Created HIT 499: HITId=2ELYOCCF0CP5Y5I9S19I0YG4XBNTUV
Created HIT 500: HITId=2TJPC6SK9RJ8JWSY9S8MDAPMWD6R38
Created HIT 501: HITId=2U78PJWKUDD8BU4J0H0Z3B6U1DMK9P
Created HIT 502: HITId=20N1Y7QEOZFY40US27DOIXRD0TYHES
Created HIT 503: HITId=2QKNJKM05BMJ72AE6G7TS9RAFHLHCZ
Created HIT 504: HITId=2NAVQ8H88MQUKTY4L93I4RXXCZYR80
Created HIT 505: HITId=2A30XULRGNTBXBF2NBWFS7N6A9XR5Y
Created HIT 506: HITId=23WC1PC6SK9RXGY49WQEKMAAXB4P1M
Created HIT 507: HITId=2YXL42J1LY58PFVNWE9GIKHD9VEP4Z
Created HIT 508: HITId=26E1INMHGYQ4XBGQLK2FPFFO6NYK7D
Created HIT 509: HITId=24ASCXKNQY2RQRDMDDME6HR0SJYP0J
Created HIT 510: HITId=2JNL8I9NZW6HS7Z4OIHWAT86H5ALV9
Created HIT 511: HITId=2NCFBNFSVGULTB2L2AXNJ1FSBCEK6E
Created HIT 512: HITId=2FC98JHSTLB3Z88RTN9OEJEJZ3BRFH
Created HIT 513: HITId=2RT6BFMFFOYYW1U9TT4GHSC0ZMCLYI
Created HIT 514: HITId=22M2J1LY58B7GFFGSU6KKD16648R6E
Created HIT 515: HITId=2PG1THV8ER9YM1G0S0QSP5KFPHIP23
Created HIT 516: HITId=29BLB3L0FBJ9WW4ZOXIEYE5RXGILXC
Created HIT 517: HITId=295TL0XULRGN7JCJW04X8FP7VVIP3E
Created HIT 518: HITId=2GH2MIKMN9U83HRJI7NW0I3S2NYRA4
Created HIT 519: HITId=2GOR70G5R98DMRWBOLNSVTNYK5JRBZ
Created HIT 520: HITId=29BMOFXRDS4IQ97EN1OJIM11IRYTWU
Created HIT 521: HITId=2W36VCPWZ9RNR4B45FJ7VN3D15APAA
Created HIT 522: HITId=2FPQEOZFYQS1Q0M2YTORGS4IKQUHKC
Created HIT 523: HITId=2LOOQ1SNQQ7QKFTLB4BCQR121FSR7D
Created HIT 524: HITId=29E6NG1FS3NY1R4EPF6ZVZL25GGLZ9
Created HIT 525: HITId=2X7GSNTL0XUL5OG9LXUMPDX5NENM0K
Created HIT 526: HITId=283PHIT3HVWA9SBMC1AQ51727YPKC6
Created HIT 527: HITId=217FE4EGDHDMGDEOSNEZZ6HE7V4KA4
Created HIT 528: HITId=21E4ZMAZHHRRZNJGY1EVUH1KPDPKBZ
Created HIT 529: HITId=2I86SVQ8H88M42Z1F22VFI1R5MKP6K
Created HIT 530: HITId=2QP46OQ1SNQQLYZNAJSQNCNR9R9P54
Created HIT 531: HITId=2P3Z6R70G5R9ML1ZD957ZSSTVNSP9V
Created HIT 532: HITId=2IJK274J79KQAEUOXIXU0FCDCUDHFA
Created HIT 533: HITId=21ASZVXX2Q4582D6YC7NLW1N0X4P7J
Created HIT 534: HITId=2162L92HECWAK5WEYQ3F3CP5SM5HI1
Created HIT 535: HITId=2E2O2L92HECWOEQJ823CI0CPD9DHG9
Created HIT 536: HITId=2X6OGQSCM6IAOALUS8LU30OQS9QHH8
Created HIT 537: HITId=29HVXX2Q45UUYYHEQ19W4NS8W5GR9P
Created HIT 538: HITId=21K74J79KQW6FGGKG8OFFD4551UHJD
Created HIT 539: HITId=2FT49F9SSSHXF9C4X6K5K5F8RT4TXN
Created HIT 540: HITId=2NDCPWZ9RNDWWWOH2LJN6DTG2QJRC6
Created HIT 541: HITId=2WT0HFL42J1LCD1RHGYM3IGFS6TM1N
Created HIT 542: HITId=2CYULF395SW61OUV2HEYQJBYNQVRD6
Created HIT 543: HITId=2WLQ0JG5TYMNQ4RREN69VSSH5QHKGG
Created HIT 544: HITId=2BVD8XMB3Q39D84M47F6W4EV0IBRGG
Created HIT 545: HITId=2I63W5XH0JPP6QV08SGLVP75SA2KEZ
Created HIT 546: HITId=2XO7D1X3V0FKEKH0CX51P7PKSY1KD6
Created HIT 547: HITId=202M05BMJTUHC4VW330RD7S54BHKFH
Created HIT 548: HITId=2FWPLSP75KLMK4CJYO8QHQVJZT2TZK
Created HIT 549: HITId=2SKYU98JHSTLPBEGPPA9LOBJM87PDC
Created HIT 550: HITId=2ECYT3DHJHP4PL60QIP8USX95SWU1N
Created HIT 551: HITId=2WW4EGDHDM25ZGBPXDN6KEZ6W3KMCD
Created HIT 552: HITId=2XGQ4J3NAB6BTU8VYCPIW1TJN2WREZ
Created HIT 553: HITId=2RU9KSSZVXX24CYA4YHO1GNI4Q3M40
Created HIT 554: HITId=222H1Q6SVQ8HMGF64KC5RBVCQQ7M3F
Created HIT 555: HITId=2IDP9746OQ1S1YJN0KY081QKKC7M24
Created HIT 556: HITId=2WAVGULF395SAEGWBTJ3QYNJJNVPB5
Created HIT 557: HITId=2EF2Q45UUKQOCOGY6FESBOG09PNUCD
Created HIT 558: HITId=22XQ0ONNVRH1YPHPOUIBA6NVHA0VML
Created HIT 559: HITId=29D7WGKCCVLLHK3JD08ASQ4CHC6U40
Created HIT 560: HITId=2KLFDEY5COW0ZOKFDM3RILC63CAU3F
Created HIT 561: HITId=2YZRRLFQ0ONN9ZAHUVF9HGRBFV3RI8
Created HIT 562: HITId=2UZDM25L8I9ND4ZXODXOH4QWFIORHF
Created HIT 563: HITId=2P0UB2YU98JH61ERDZRFEJ9IW0ZMAB
Created HIT 564: HITId=2CQER9Y8TNKI07L2FY6HV2OM8EWU7K
Created HIT 565: HITId=2JNL8I9NZW6HS7Z4OIHWAT86H5AVLJ
Created HIT 566: HITId=23ZGYQ4J3NABKJ82PTFY1IT118VPCC
Created HIT 567: HITId=2DNXH0JPPSI2Y675V6G78KLMELZHNH
Created HIT 568: HITId=2TOSK9RJ85OZW77XWO1PPOOQD3CU6L
Created HIT 569: HITId=2YDWAVKI62NJ4AUNCD09TH6BSASRJK
Created HIT 570: HITId=2C2I62NJQ217G72P0VXBNLCVM0AVNL
Created HIT 571: HITId=2U7GFL6VCPWZNZGT6WFV4S7SVSTM7K
Created HIT 572: HITId=2K80JG5TYMNCA64KJT0SVSHX9QZHLF
Created HIT 573: HITId=2HUOK2JE1M7PYS211AXO2AC0CAFVO0
Created HIT 574: HITId=23I5BMJTUHYWGOM5J517V5WM9VPHMH
Created HIT 575: HITId=2DS6X3YOCCF0QXY073KIQIIX65KRQB
Created HIT 576: HITId=2I0NMHGYQ4J31I4MLTDFIOYYQIHM9W
Created HIT 577: HITId=2D2UDD8XMB3QHHSGLKLTR6T4MK8PE5
Created HIT 578: HITId=2WTNFSVGULF3NDLCG171IS3N6CZM87
Created HIT 579: HITId=2P7JWKUDD8XMPBJJJDRB9UTOEIKMB6
Created HIT 580: HITId=2TATMOFXRDS4WKUU8REXMFM19ZIVSX
Created HIT 581: HITId=2OV1X3V0FK0C2SVZOFD7SKK9TGCMFO
Created HIT 582: HITId=2CIFK0COK2JEFU05UY0LUW6O7ZSRKJ
Created HIT 583: HITId=2ECLRGNTBJ3M0LQLP3YN92KHJY2U87
Created HIT 584: HITId=20JLY58B727MEQ9VUV419YFS34KU9W
Created HIT 585: HITId=2H1PPSI2KYEPZ0INFYCM9WJ3WZXRLM
Created HIT 586: HITId=20BUHYW2GTP95I08FAD199YSW4NRMO
Created HIT 587: HITId=27JSNQQ7Q670J9J0M1I15TQC9M2UAB
Created HIT 588: HITId=2TEYB49F9SSSV5UHT2ESW5H5NXZVR9
Created HIT 589: HITId=26ZIT3HVWAVKWEV3T4T1A2Z9HFXME6
Created HIT 590: HITId=2LHMAZHHRRLF48H3X9IH4KHOH3WMDD
Created HIT 591: HITId=2AGMNCWYB49FN0L8RBS1MONS1UXRNO
Created HIT 592: HITId=2P546UXFCD45BK79XRJNWKINBIWVTM
Created HIT 593: HITId=2IF3V0FK0COKGR7HWLGKN9LR4V4HOW
Created HIT 594: HITId=2KE5XH0JPPSIGSRUZZJPA5KLUVCMGN
Created HIT 595: HITId=23I5BMJTUHYWGOM5J517V5WM9VPMHM
Created HIT 596: HITId=27QH88MQU6L52JOSSFIX04AIR4NUB6
Created HIT 597: HITId=27IJG5TYMNCWCJXPPNJSVHX1984MIF
Created HIT 598: HITId=27WOZFYQS1CS7UHV754S7IC1MNTMJR
Created HIT 599: HITId=2KGOCCF0CP5KBXMYXW9X1G4PUW3VUD
Created HIT 600: HITId=2F8S1CSTMOFX5LLKSQSE1DNXR42RO3
Created HIT 601: HITId=2MQB727M0IGFYP6HGC6SYF4VQDAYDF
Created HIT 602: HITId=2V0UUU00OQKKOCBY2MJ2X26883CVV2
Created HIT 603: HITId=2787Q67051QKQVKHC7HC4XMGQPBYE8
Created HIT 604: HITId=27E618N46UXFQLXL7Q5TQDSN19YRPK
Created HIT 605: HITId=2RS2SEIUUU002YD0KI9IV8S22RMRRC
Created HIT 606: HITId=2VYDHDM25L8INVSCGV5Z9OE4YLNPFN
Created HIT 607: HITId=2ROX3YOCCF0C3DDDZ79NLIXYOT5RS0
Created HIT 608: HITId=2P4QU6L5OBVCW9KD7I1IMF7G2QQYFQ
Created HIT 609: HITId=2LNUUKQOYGNIA9G8I270407S35QYGP
Created HIT 610: HITId=24RU8P9Y38TWA5BJ28PIP0JTI53YHO
Created HIT 611: HITId=2NJ8N46UXFCDIDQSO7EDVNTKQCJRTP
Created HIT 612: HITId=2L179KQW618NIENDPQ448XCE1CTMKQ
Created HIT 613: HITId=2F6CCF0CP5KX31B3SWOYJ4PMFCEVWC
Created HIT 614: HITId=2IUSTMOFXRDSIQ5HOC4N0JFM9QQRUG
Created HIT 615: HITId=2TEYB49F9SSSV5UHT2ESW5H5NXZRV5
Created HIT 616: HITId=2LOUXFCD45XCS1GT21KKLN3TOEKVX5
Created HIT 617: HITId=236FXRDS4IC1S6637X6M41A2QKEVYB
Created HIT 618: HITId=2LRF9SSSHX11XWG83J85I8J4WEIVZ2
Created HIT 619: HITId=2AG24E6AUBXHA0ANPZ09YBZWLG1W0L
Created HIT 620: HITId=2DKGTP9RA7S5AUUMJCJOI70JU61RWF
Created HIT 621: HITId=28R8D8J3VE7W60M38Q73PCK8IIIYIH
Created HIT 622: HITId=292MT6YTWX4HHPV5LI49CGI6Q87W1O
Created HIT 623: HITId=2RHHHRRLFQ0O1VO7RFBHR9EGZ0NPGM
Created HIT 624: HITId=2ALHVWAVKI621RJIBLTZC9QHE00PHL
Created HIT 625: HITId=2MAW6NG1FS3NCVCR8TSF2SZLAM7YKS
Created HIT 626: HITId=2ELV0FK0COK2XMU2H3BKCLRWEDFPIE
Created HIT 627: HITId=2VMBLYHVI44O6AD14M4NHZSBIELW25
Created HIT 628: HITId=2RT6BFMFFOYYW1U9TT4GHSC0ZMCYLV
Created HIT 629: HITId=230KMN9U8P9YHGMC6B93VUYIUPZUDD
Created HIT 630: HITId=2EZ0JPPSI2KYSXE8ZLWKOM6WRS4PJQ
Created HIT 631: HITId=2A3B3L0FBJ9I2JCUT55VH5RPZR2YMX
Created HIT 632: HITId=2FB3DHJHP4BDRS9K8MIS09X3OSLW3G
Created HIT 633: HITId=243VWJ5OPB0Y9OSO80NBAEP92SHW41
Created HIT 634: HITId=2OIG5R98D8J39M0C26KN1CG3U10UE6
Created HIT 635: HITId=236FXRDS4IC1S6637X6M41A2QKEYVE
Created HIT 636: HITId=2K839Z0B6UTOK1XU56KVUKGP4HCYNX
Created HIT 637: HITId=2WVEY5COW0LG57WOM56LF6VN2OCW56
Created HIT 638: HITId=2QKHECWA6X3Y2K5VAQG5NXPTQCYMLT
Created HIT 639: HITId=2S4JTUHYW2GT3HKQH6WWP1696H4PKP
Created HIT 640: HITId=2JZECWA6X3YOQK8GM3WK0PTIV7YMNV
Created HIT 641: HITId=2XNTYMNCWYB4NN28268X41JOVH9PLS
Created HIT 642: HITId=2H6NNVRH1KHONM97LLXNY9LK4WDYPT
Created HIT 643: HITId=2XBP9RA7S5WMFE2E22673JMHTZYYTY
Created HIT 644: HITId=2OEGKCCVLL3COBW2ROGQ7C9NYJNW6M
Created HIT 645: HITId=2P09NZW6HEZ62MX66LK899GUURHYOC
Created HIT 646: HITId=2VUWA6X3YOCCT855FYOPWINIQMEPO9
Created HIT 647: HITId=2ORKQW618N46858SNIWXFETNLH3MOA
Created HIT 648: HITId=26EZ9RNDWIOVF008XH4TJU1362FUFO
Created HIT 649: HITId=2NKNJQ2172Z9NYAMLYCCYEBU9SZYQK
Created HIT 650: HITId=21KJE1M7PKK9ZZPMYD1C34LZ5E1YRL
Created HIT 651: HITId=2J2YEPLSP75KZUZCTHFAKQEQ387RX8
Created HIT 652: HITId=29UM6IAA2SEI82NGA2HKNA4IQHOMMV
Created HIT 653: HITId=2N0AA2SEIUUUE8H6UY14LIS80RAPPQ
Created HIT 654: HITId=22X395SW6NG1T0W381AB1F1F7HFUGN
Created HIT 655: HITId=29QSV7WGKCCVZTWSKHUMKAPQC1PS2M
Created HIT 656: HITId=21KJE1M7PKK9ZZPMYD1C34LZ5E1RYE
Created HIT 657: HITId=23K5L8I9NZW6VMSMYSVQZ7T8EYWUKQ
Created HIT 658: HITId=21GEPLSP75KL0EPZD21HTEQVRGKYS9
Created HIT 659: HITId=21ICOK2JE1M73SDPV5N6RZAC8T1UNV
Created HIT 660: HITId=283FQ0ONNVRHFSA4JS7RE76N3Y1ULT
Created HIT 661: HITId=2OKJENLVWJ5O3JTE5UQ81MWBF35S02
Created HIT 662: HITId=2J5JQ2172Z994PZRUZ3VHBU1B85RZ5
Created HIT 663: HITId=2SM9F9SSSHX1FRH327WH8F8JCD5YUP
Created HIT 664: HITId=27G2RCJK63ZVSBA7AYLIDQ9JTU7W7L
Created HIT 665: HITId=2Q2QW618N46UBN5TEJOCHTND0C9PNU
Created HIT 666: HITId=2GXYQS1CSTMOT5KT2I9C4EYDVMZMPR
Created HIT 667: HITId=2L13NAB6BFMFTWRES7STMFDGMHSUHM
Created HIT 668: HITId=2MBYMNCWYB49THL82VO14JON0ILMQI
Created HIT 669: HITId=2NCXFCD45XCE7V68X7BIQ3TGXTGYWO
Created HIT 670: HITId=2P1HSTLB3L0FPR2YYPAEMREVMU7UIF
Created HIT 671: HITId=2929RJ85OZIZSPFQK3DORQ5E4EDW88
Created HIT 672: HITId=2PFMB3Q39Z0BK2M4G7VEYSTVZ9WUJR
Created HIT 673: HITId=2V99Y8TNKIMZ6UY0PVJ2RM0POKVW9X
Created HIT 674: HITId=2N633FDEY5COA8EW1DU8FRFLKVBS15
Created HIT 675: HITId=22G58B727M0IUNDXNFXYISVFCKYWB7
Created HIT 676: HITId=2TFKNQY2RCJKKBSBOH8R3KUIIFPS3X
Created HIT 677: HITId=229GNTBJ3MMDBD85H1X2NHB9U2DWAC
Created HIT 678: HITId=2GXYQS1CSTMOT5KT2I9C4EYDVMZPMU
Created HIT 679: HITId=22IXULRGNTBJHUFT7J6PAN62S6RS63
Created HIT 680: HITId=2TUF0CP5KXPTWVBY7C74SM7N6VMYXH
Created HIT 681: HITId=29DQ8H88MQU6ZDHR5Q91UXX4I7ZS9E
Created HIT 682: HITId=2I7C6SK9RJ8527BFOVDADPMOWFLS4I
Created HIT 683: HITId=2RDKI62NJQ21LASPJ486EKLC33RUMV
Created HIT 684: HITId=20BUHYW2GTP95I08FAD199YSW4NMRJ
Created HIT 685: HITId=2BC00OQKKA4IW018C8T6B0EW81GYYN
Created HIT 686: HITId=27E618N46UXFQLXL7Q5TQDSN19YPRI
Created HIT 687: HITId=2GDXX2Q45UUK4WRWXWN1QS8OOPHSAT
Created HIT 688: HITId=26AI2KYEPLSPLDD1WKNJ6OAHY36UOA
Created HIT 689: HITId=2K5AB6BFMFFOC6B9B7AFGGESKP7WJS
Created HIT 690: HITId=2G151RYQM3EL4VFS0MKGXFTE2I5Z0E
Created HIT 691: HITId=295QQ7Q670514S531FTTTC1XU5YWCE
Created HIT 692: HITId=2TX0CP5KXPTI1QBD8UVPP7NYEVKYZE
Created HIT 693: HITId=2AZV8ER9Y8TNYQFF20WKIHS2WBGS5N
Created HIT 694: HITId=2KR5SW6NG1FSHVR3TPPF4FZS7AIWIG
Created HIT 695: HITId=2FNPQJQ9OPLLBK0AW5OGBKCO7ABZ1H
Created HIT 696: HITId=2YQ8MQU6L5OB9KBH1BO4DIJFF5AWDE
Created HIT 697: HITId=2LKJ1LY58B72LUTYQTBHG16YNHBS72
Created HIT 698: HITId=2J845UUKQOYG1QPHX6ZOJ010FHBWE7
Created HIT 699: HITId=2TEA6X3YOCCFEKILUBGTLNII5NWPQH
Created HIT 700: HITId=2XNR98D8J3VEL4L831PCJ3MCSXQWGO
Created HIT 701: HITId=2CUPWZ9RNDWI23U8H6E3GTGU9SESDV
Created HIT 702: HITId=2N6Q1SNQQ7Q6L8YH0Y3NU12TY1HS8P
Created HIT 703: HITId=207PSI2KYEPL6X0LUZD6ZJ3OI66MS7
Created HIT 704: HITId=2GKMIKMN9U8PN6WO3ANXL3SU672SBO
Created HIT 705: HITId=27A1CSTMOFXRR0XYMF5YGNXJNBHPS6
Created HIT 706: HITId=235CWYB49F9S60ADBFAOQST5PUVPTV
Created HIT 707: HITId=2W20COK2JE1MLXD0JZIW9OZAKPKMTW
Created HIT 708: HITId=2GRRNDWIOV1SL0GJN77U43YD7X3WHN
Created HIT 709: HITId=2AOYTWX4H3H23JXTJN7I9IJRJULZ4U
Created HIT 710: HITId=2F84J3NAB6BF0N848C9T4TJFL5USF6
Created HIT 711: HITId=214N9U8P9Y3874PDSHJU1IM0RIQWFP
Created HIT 712: HITId=2RDKI62NJQ21LASPJ486EKLC33RMUN
Created HIT 713: HITId=29WIUUU00OQKYIXYS6ZS5U26GPUUUN
Created HIT 714: HITId=22XQ0ONNVRH1YPHPOUIBA6NVHA0MVC
Created HIT 715: HITId=217EIB9BAWLS05I6F9OUG3MTZGPZ2Y
Created HIT 716: HITId=2N970G5R98D8XBOUHAJSWNYCOS2SCV
Created HIT 717: HITId=2YGW2GTP9RA76DP2BK0YVOF7882UPR
Created HIT 718: HITId=25Z1XERSQV665TIXS7UHYWAVS7N194
Created HIT 719: HITId=2902KYEPLSP7JSE2GAA3RAHQMFBPVB
Created HIT 720: HITId=2UV8XMB3Q39ZEJZA32XT7EVS1K7SH4
Created HIT 721: HITId=2LW6AUBXHWSHLNEPJ92ZZDRL5UPZ39
Created HIT 722: HITId=2YGW2GTP9RA76DP2BK0YVOF7882PUM
Created HIT 723: HITId=2SLQ39Z0B6UT2EMKO9JTYRKGXL8MXF
Created HIT 724: HITId=2XCLF395SW6NU988D1PNMBYF94FSEO
Created HIT 725: HITId=2BR8JHSTLB3LEN4ZJWFBMEJRMKUSG5
Created HIT 726: HITId=24UWYB49F9SS6PQHBXFNVT5HD4OUQI
Created HIT 727: HITId=2M38I9NZW6HEDEHUE4N7W869OJ2MWM
Created HIT 728: HITId=2ZO2NJQ2172ZNHJXGPBLFVEB2QJPXE
Created HIT 729: HITId=2T6K2JE1M7PKYHE76KFZDC04TODPWL
Created HIT 730: HITId=2AOS8SV7WGKCQ3E1DQ136MHAXFKQ0B
Created HIT 731: HITId=22GHVI44OS2KZ21TXSQSEAP5JQGZ5Z
Created HIT 732: HITId=2H6NNVRH1KHONM97LLXNY9LK4WDPYK
Created HIT 733: HITId=2ZRNZW6HEZ6OSCJCH7Z6CGUMAQHPZB
Created HIT 734: HITId=23T3Q39Z0B6U7WZ9ESMSWVRKOECWLU
Created HIT 735: HITId=2SOBFMFFOYYI79MZPR7EVC0R5L6MZC
Created HIT 736: HITId=2YATLB3L0FBJNQHRTSARHVE5ZE7WKR
Created HIT 737: HITId=2FNCOW0LGRZ3MKKVVQXVQUZWLGHZ81
Created HIT 738: HITId=2UZJHP4BDDKGI6172B0X6G35FLRZ6F
Created HIT 739: HITId=2YVM25L8I9NZAEAU9KFE7QW71XMSIX
Created HIT 740: HITId=2D15OPB0YVGZM6FCLL5PCU31AWBZ7E
Created HIT 741: HITId=2IUSTMOFXRDSIQ5HOC4N0JFM9QQURJ
Created HIT 742: HITId=26L6XBAT2D5N46GLPHH0MG5T6B415D
Created HIT 743: HITId=2T6K2JE1M7PKYHE76KFZDC04TODWPS
Created HIT 744: HITId=2CEAVKI62NJQG90I9N0QK6BKT1BSK8
Created HIT 745: HITId=2BGT3DHJHP4BRLDWECZRVX9XB5JV2U
Created HIT 746: HITId=21UCVLL3CA330P350I39QQU75MZZ9Q
Created HIT 747: HITId=2IQN46UXFCD4J55U314SQTKIVS9US7
Created HIT 748: HITId=2A3B3L0FBJ9I2JCUT55VH5RPZR2MYL
Created HIT 749: HITId=2JS1QP6AUC26ROZNNFO3Y0FK81518F
Created HIT 750: HITId=2ELYOCCF0CP5Y5I9S19I0YG4XBNUTW
Created HIT 751: HITId=28UJK63ZVE3H58DASOH9ML5RB4HZA5
Created HIT 752: HITId=2KGOCCF0CP5KBXMYXW9X1G4PUW3UVC
Created HIT 753: HITId=29BMOFXRDS4IQ97EN1OJIM11IRYWTX
Created HIT 754: HITId=2Y48JIA0RYNJNAGZU0R5EMJT26F16T
Created HIT 755: HITId=26YSNTL0XULRUVMRTHDMGX5FXW3N1O
Created HIT 756: HITId=2A79RA7S5WM1KHR8YTY0MMHLI79UZC
Created HIT 757: HITId=2H6UQIHPCGJ2RAU4DAWXK0JPXHZ17S
Created HIT 758: HITId=2A4OFXRDS4ICFMRTXBAFP11AA7BUXF
Created HIT 759: HITId=28185OZIZEHMOII2Y2H5HWPXTM2ZB0
Created HIT 760: HITId=2W80ONNVRH1KVW2UQ5279NV9T9CWNW
Created HIT 761: HITId=2Y9RLFQ0ONNV5PU0R20EJRB7ECBSJ9
Created HIT 762: HITId=24M6UXFCD45XQMM3N6ETNIN3155UWM
Created HIT 763: HITId=2M38I9NZW6HEDEHUE4N7W869OJ2WMW
Created HIT 764: HITId=207PSI2KYEPL6X0LUZD6ZJ3OI66SMD
Created HIT 765: HITId=21062NJQ2172DH26RK2KOCVEJJHWOB
Created HIT 766: HITId=2CZ8MZ9O9Z6KACS2KD8HURLFYP51AJ
Created HIT 767: HITId=2PT727M0IGFKVLUM8TJVI4VIWJFZE0
Created HIT 768: HITId=24BBJ3MMDX5F3FGMCY8BCMDXW7EZD7
Created HIT 769: HITId=2C6X7H57DZKPTMXUQR8DP25LG7Q1BE
Created HIT 770: HITId=2FQTNKIMZSM5YNA8C2D0SGVFB72ZC7
Created HIT 771: HITId=2SM9F9SSSHX1FRH327WH8F8JCD5UYL
Created HIT 772: HITId=2ZKKYEPLSP75YTFM6XUODHQEYKZWQJ
Created HIT 773: HITId=24VWIOV1S7SNHLMW4FUYGZ8NGGBZKK
Created HIT 774: HITId=2HXK0COK2JE10FI0UNCRZ6OZI1GSLB
Created HIT 775: HITId=2ACHYW2GTP9ROFLL60S6CYSONWGSND
Created HIT 776: HITId=2PW4BLYHVI4420V0V8ZDQEZSJZ5V1D
Created HIT 777: HITId=2QAKMT6YTWX4VBAIZPVDC9GIE7ZV0A
Created HIT 778: HITId=2DKGTP9RA7S5AUUMJCJOI70JU61WRK
Created HIT 779: HITId=2SIHFL42J1LYJG4NCLD0LGFKP2HN25
Created HIT 780: HITId=2JVIPDOBDDP83RP04R480MB3YSQ1CL
Created HIT 781: HITId=27PQ67051QKC1ZUI34310MGI8KUZFI
Created HIT 782: HITId=2F4NCWYB49F960LX7FSJRNSTD6LSOS
Created HIT 783: HITId=2LTLYHVI44OSGSEAIREE2SBAXURX3A
Created HIT 784: HITId=27A1CSTMOFXRR0XYMF5YGNXJNBHSP9
Created HIT 785: HITId=2DGB49F9SSSHB9UZY1JT8H5FG8KWS8
Created HIT 786: HITId=2F6CCF0CP5KX31B3SWOYJ4PMFCEWVD
Created HIT 787: HITId=2LAMEZZ2MIKM1HNOZNP3BTWW57JN6M
Created HIT 788: HITId=2C79746OQ1SN4Y06GLR54QKCVGHN3G
Created HIT 789: HITId=2NAK9RJ85OZIDMA2KOGMROQ5ML5V7A
Created HIT 790: HITId=248Y2RCJK63Z9MWX1EBULAQ9RALV6B
Created HIT 791: HITId=28G0LWSBRI8I8JVE4NZJKSTLJS21DL
Created HIT 792: HITId=2V5LVWJ5OPB0C39FICDWE7EPHJJV35
Created HIT 793: HITId=2QQD8J3VE7WS61GEMUUMFK8A1RBZJL
Created HIT 794: HITId=2TYW40SPW1IN0P9E0IA3QAB6J431EE
Created HIT 795: HITId=24M6UXFCD45XQMM3N6ETNIN3155WUO
Created HIT 796: HITId=2ZCUU00OQKKAIQB8I6TU5680MLGWWN
Created HIT 797: HITId=25UCF0CP5KXP7QGYSBPG7PM7VNMWXG
Created HIT 798: HITId=2CPWGKCCVLL3QIWJWV1PT4C9VFAV5V
Created HIT 799: HITId=2MCUKQOYGNIWFVLOYUR137SVOZ7ZHG
Created HIT 800: HITId=27L9Z0B6UTO67C7B27MRNGPW0LLZO4
Created HIT 801: HITId=2GYKPEIB9BAWZ0FDZ4WV0UD3UI7X0F
Created HIT 802: HITId=2QC8P9Y38TWWBQW84C9M3JTAOCMZI9
Created HIT 803: HITId=2FK4E6AUBXHW6P0VVN0VEZWDZADX1I
Created HIT 804: HITId=2NCXFCD45XCE7V68X7BIQ3TGXTGWYM
Created HIT 805: HITId=2RKSEIUUU00O4SDQEW9SBS2UAVOSSP
Created HIT 806: HITId=2PWR9Y8TNKIMD0FLUT8S5OM0X5BV8X
Created HIT 807: HITId=2ROX3YOCCF0C3DDDZ79NLIXYOT5SR1
Created HIT 808: HITId=2BUF806UFBNF639AVTU98SW6V5I1FW
Created HIT 809: HITId=27DJ8EBDPGFLK3556D0RQDWIWKI1GV
Created HIT 810: HITId=2LW6AUBXHWSHLNEPJ92ZZDRL5UQ3ZE
Created HIT 811: HITId=2I86SVQ8H88M42Z1F22VFI1R5ML6P2
Created HIT 812: HITId=25XXRDS4IC1ECLGDTTD14A2I3NKWZD
Created HIT 813: HITId=2LTLYHVI44OSGSEAIREE2SBAXUS3XH
Created HIT 814: HITId=2ZRNZW6HEZ6OSCJCH7Z6CGUMAQHZPL
Created HIT 815: HITId=24C8LZ6R70G55H1TIXUVH7WS0I3N7L
Created HIT 816: HITId=23B6YTWX4H3HGX4KNN0GL6IJZ0M3YN
Created HIT 817: HITId=2I3Y58B727M0WO80RRS61FSVNTBVA1
Created HIT 818: HITId=214T6YTWX4H3VAIRER09JI6IRGRX2Z
Created HIT 819: HITId=29E6NG1FS3NY1R4EPF6ZVZL25GGZLN
Created HIT 820: HITId=2K24F0OHOVR1IQQ0YGC95HEC4ZN433
Created HIT 821: HITId=2F736XBAT2D51YR3FTUQ3JG51N3408
Created HIT 822: HITId=2WL95SW6NG1F6BGEXX2YI1FZ0O1VHC
Created HIT 823: HITId=20DCNHMVHVKCX8UHUGY4M79KYLN42S
Created HIT 824: HITId=26YFL6VCPWZ95V6CS2M1V7SNB29N88
Created HIT 825: HITId=2FKRCJK63ZVEHPKGU89AT9JLDGJX82
Created HIT 826: HITId=2SOBFMFFOYYI79MZPR7EVC0R5L6ZMP
Created HIT 827: HITId=2ETNVP3TVOK58NCLBCYQHOZF6F941B
Created HIT 828: HITId=2QHJMJUNU8LZKZ0GQJI9BD8JBKV1HU
Created HIT 829: HITId=2PZ88MQU6L5OP35YB5OX7AIJNWWVC3
Created HIT 830: HITId=2ALDHJHP4BDDYOXEI5JXCX3GBUNX4V
Created HIT 831: HITId=25XXRDS4IC1ECLGDTTD14A2I3NKZWG
Created HIT 832: HITId=22DWJ5OPB0YVU71EWA27HP9UBQIX50
Created HIT 833: HITId=2UHXR24SMEZZGUB0W10UBP9YBXA1IN
Created HIT 834: HITId=2J5JQ2172Z994PZRUZ3VHBU1B85ZRD
Created HIT 835: HITId=2UV2AC9KSSZVB5V6EJLUNQOYOCZ1JZ
Created HIT 836: HITId=200A0RYNJ92NXSFGFPDJWUHY4RX49K
Created HIT 837: HITId=2B3RGNTBJ3MMR5YVZLE65KHBHBTV9M
Created HIT 838: HITId=2OM6OQ1SNQQ74E0GFFHKFNR1AI76QT
Created HIT 839: HITId=255NVRH1KHO9SOKRHKEVCLKWFM3ZQC
Created HIT 840: HITId=280LKH1Q6SVQMP1OW4L6O5OB31Z1KY
Created HIT 841: HITId=26YSNTL0XULRUVMRTHDMGX5FXW41N3
Created HIT 842: HITId=29UWY2AOO2GM0M94YUHSFM6IIZJ44O
Created HIT 843: HITId=2DJVP9746OQ16VJ6H4X7351QS141L1
Created HIT 844: HITId=21MF0OHOVR14W5D4CZ02KECWIVE45T
Created HIT 845: HITId=22M2J1LY58B7GFFGSU6KKD166496RU
Created HIT 846: HITId=2J1E1M7PKK9L54Z49O307LZXXAOZS1
Created HIT 847: HITId=2IANQQ7Q6705FYDSX5S2WQC15BWVBW
Created HIT 848: HITId=2DYKCCVLL3CAHBFXK3H4F9NQ2WDX7F
Created HIT 849: HITId=2BFFCD45XCET1LL33Y9N6TGPCPQZX9
Created HIT 850: HITId=2Z2MN9U8P9Y3M1PC7WUSXYIM889VEW
Created HIT 851: HITId=2FWPLSP75KLMK4CJYO8QHQVJZT2ZTQ
Created HIT 852: HITId=2LRF9SSSHX11XWG83J85I8J4WEIZV6
Created HIT 853: HITId=2T5HMVHVKCJ0F9DIHIA7CKQWEQP469
Created HIT 854: HITId=2WT0HFL42J1LCD1RHGYM3IGFS6U1M3
Created HIT 855: HITId=2DH9RNDWIOV16FL3DRKGX13YLOOVGD
Created HIT 856: HITId=2C73TVOK5UFJJ9RN0SFZIYQS919478
Created HIT 857: HITId=2CO6RLPHIT3H943BUWX2QJQ29WJ9HB
Created HIT 858: HITId=2HY5R98D8J3VSFP827EYFG3MK9OVFE
Created HIT 859: HITId=2EKQ45UUKQOYUVBCB1J8RG018W8VD3
Created HIT 860: HITId=248Y2RCJK63Z9MWX1EBULAQ9RAM6VN
Created HIT 861: HITId=270HPCGJ2D212BPL7VRJSPSIA9F4AZ
Created HIT 862: HITId=22IXULRGNTBJHUFT7J6PAN62S6S6SI
Created HIT 863: HITId=2TX0CP5KXPTI1QBD8UVPP7NYEVKZYF
Created HIT 864: HITId=2BQY1THV8ER9CGM3UWDZVM5KN691OI
Created HIT 865: HITId=2YD8ER9Y8TNKWUS8WJBFKS2OUP66T7
Created HIT 866: HITId=2TOSK9RJ85OZW77XWO1PPOOQD3D6UY
Created HIT 867: HITId=2ECYT3DHJHP4PL60QIP8USX95SX1UV
Created HIT 868: HITId=23WC1PC6SK9RXGY49WQEKMAAXB51PZ
Created HIT 869: HITId=2OEGKCCVLL3COBW2ROGQ7C9NYJO6WX
Created HIT 870: HITId=28RY8TNKIMZS0DDVR6TOP0PG34JXA6
Created HIT 871: HITId=2ETAT2D5NQYNJNW6AX75WYMNKLF48V
Created HIT 872: HITId=21RRJ85OZIZEVU3QZ0FOT5EWXM1X9R
Created HIT 873: HITId=20LNAB6BFMFF26RY3FKJIDGE01GVI5
Created HIT 874: HITId=2K6U3K4F0OHO9ZUKSBBO5L92P3T01R
Created HIT 875: HITId=20ZSTLB3L0FBXHB4LX5JUEVEDG5VJH
Created HIT 876: HITId=2UWY5COW0LGRDB1S1TCC9VNU7LU6XQ
Created HIT 877: HITId=2E4B3Q39Z0B681HM3I5VVTVRS55VKG
Created HIT 878: HITId=2776AUC26DG6LLUDD9RFN0COSR04BU
Created HIT 879: HITId=2H6UQIHPCGJ2RAU4DAWXK0JPXHZ71Y
Created HIT 880: HITId=2BI0OQKKA4II6GLI4GX83EW0KPOZZ6
Created HIT 881: HITId=2FN8B727M0IGTSATBKPFVVF4374XC8
Created HIT 882: HITId=29ACXKNQY2RCXSZJ9953KR0K27R1QQ
Created HIT 883: HITId=2IKA1QP6AUC2KL9MHRSX6V0FSPT70V
Created HIT 884: HITId=28YNTBJ3MMDXJNINXKTKKB9MLM4XB1
Created HIT 885: HITId=2LKAESCWY2AO2A92WS7ORGQSKBN00O
Created HIT 886: HITId=2GOKW4ZMAZHH5ZEV0EFNQVRH99Y9I4
Created HIT 887: HITId=26VOBDDP8PJWY26TIBDB6Q397PS4FC
Created HIT 888: HITId=2NA8SV7WGKCC9TEJMOU3PHAPYTT1RR
Created HIT 889: HITId=2N633FDEY5COA8EW1DU8FRFLKVC1SF
Created HIT 890: HITId=2CEJ5OPB0YVGDGR26PYES9U39RO6YW
Created HIT 891: HITId=2QFBNVP3TVOKJ28ZFFP7TEOZNN703J
Created HIT 892: HITId=2UZJHP4BDDKGI6172B0X6G35FLS6ZN
Created HIT 893: HITId=2PWBDPGFL6VC34SP114WLOV10W94JF
Created HIT 894: HITId=2EWRSQV66RLPVQMJR9NAYKI6AC04C1
Created HIT 895: HITId=23H9O9Z6KW4Z0ISXR5ILIQ0OVCC4D1
Created HIT 896: HITId=2LISPW1INMHGCYXZD11B9BFMN454HA
Created HIT 897: HITId=2U78PJWKUDD8BU4J0H0Z3B6U1DN9KF
Created HIT 898: HITId=2OZ57DZKPFE4SO6XN0T5O8I9VOD4EU
Created HIT 899: HITId=24SB6BFMFFOYCQMH3X6DJESC8GDXKL
Created HIT 900: HITId=2G2PFE4EGDHD0AY1IW0N2W6HMON9JG
Created HIT 901: HITId=27ZM8JIA0RYNXHV3TYD08BMJ1JY059
Created HIT 902: HITId=2F736XBAT2D51YR3FTUQ3JG51N3044
Created HIT 903: HITId=248Q7Q67051QYKG7BGKQF1XMO7GXD8
Created HIT 904: HITId=27M5UUKQOYGNW4U32MFG31070KWXFJ
Created HIT 905: HITId=2IKA1QP6AUC2KL9MHRSX6V0FSPT07O
Created HIT 906: HITId=22ESBRI8IUB2C22OTVJTOB3L84S4GB
Created HIT 907: HITId=2ZIOUQIHPCGJGLVHYHN50H0JXE906P
Created HIT 908: HITId=23QJIA0RYNJ9GVC0WEWBPJTUPND72F
Created HIT 909: HITId=2NFBAT2D5NQY1D8J0EAG8TYMV1D73Q
Created HIT 910: HITId=2I0NMHGYQ4J31I4MLTDFIOYYQII9MK
Created HIT 911: HITId=2K9Y0LWSBRI8W24I8808MHSTT0K0CH
Created HIT 912: HITId=2Q9NDWIOV1S76VWT3UL16YDZGCOXIA
Created HIT 913: HITId=2PQMQU6L5OBVQQU77BVALJF7OJHXE1
Created HIT 914: HITId=2359U8P9Y38TA4QYD6LYLM0J1ZWXGI
Created HIT 915: HITId=2M998D8J3VE7A0L9XC3G6MCKGZ9XHH
Created HIT 916: HITId=2ZQIUB2YU98JV0M1LHC0IBJ9QDS9LI
Created HIT 917: HITId=2FKAOO2GMMEG2W962QD6LAA203Z77V
Created HIT 918: HITId=29UGW40SPW1I1UAW84VJ6NABE0W0DH
Created HIT 919: HITId=292MT6YTWX4HHPV5LI49CGI6Q881WU
Created HIT 920: HITId=2H9YNJ92NJKMED42T7LH1W2G1EQ7CO
Created HIT 921: HITId=29BLB3L0FBJ9WW4ZOXIEYE5RXGIXLO
Created HIT 922: HITId=2K6H1XERSQV6KZE5RWK3KVWA39Z08B
Created HIT 923: HITId=26DH8MZ9O9Z6Y4XFWOQHKRRLNFH090
Created HIT 924: HITId=2DDOX7H57DZK3N7KOU4HGM25TXZ0AF
Created HIT 925: HITId=2C73TVOK5UFJJ9RN0SFZIYQS91974B
Created HIT 926: HITId=2QNSW6NG1FS316GZLC61IZSZTRDXJM
Created HIT 927: HITId=2DKDIPDOBDDPMXCCU84DBXMBBFK0BA
Created HIT 928: HITId=2S5FSVGULF39J0PMXUSFV3NYV8S9NK
Created HIT 929: HITId=24ZMVHVKCJ01FSVNEXY9NQW69X475G
Created HIT 930: HITId=2UCCF806UFBNT0OW4Z63C5SWECX0EA
Created HIT 931: HITId=2WIOHOVR14IXYWV1JG8EFWA65SF76W
Created HIT 932: HITId=2PI6UFBNFSVG8T8JJJJW9NG1NHK4I3
Created HIT 933: HITId=2C8VJ8EBDPGFZEOSZAQ9UNDWQDC0FS
Created HIT 934: HITId=2PW4BLYHVI4420V0V8ZDQEZSJZ61VK
Created HIT 935: HITId=2H6HOVR14IXK2AEPCV5CZA6XBN578I
Created HIT 936: HITId=231UNU8LZ6R7EOY7JM48M3VEFL94KE
Created HIT 937: HITId=27IONNVRH1KH2H7W1PY6QV9LSLNXO5
Created HIT 938: HITId=26QJVCNHMVHVYKCGBFB2A4J7H9720A
Created HIT 939: HITId=28RZJMJUNU8LDEKNAUWRC8D8RSC0GR
Created HIT 940: HITId=2ZO2NJQ2172ZNHJXGPBLFVEB2QJXPM
Created HIT 941: HITId=2V9ILKH1Q6SV4GAOI0HU9L5OJKT0JV
Created HIT 942: HITId=23DHVKCJ011KGFXZHNBQZ618VTN797
Created HIT 943: HITId=2FK4E6AUBXHW6P0VVN0VEZWDZAE1XN
Created HIT 944: HITId=28K4SMEZZ2MIYUGP4MG9138T4LE4LH
Created HIT 945: HITId=2VVD2AC9KSSZ95QI0IWUXKQO6540IJ
Created HIT 946: HITId=29E1VP9746OQF0G60LH6A051Y9T0KU
Created HIT 947: HITId=22QI9NZW6HEZKW7K0AYTB69G2BIXNQ
Created HIT 948: HITId=25C3K4F0OHOV59XY7YF2O92HM1D21D
Created HIT 949: HITId=2X2PEIB9BAWL6UQ50JMXXD3M1G81YT
Created HIT 950: HITId=26UGJ2D21O3WJ5AGT3GSL2KYME27DO
Created HIT 951: HITId=2FNPQJQ9OPLLBK0AW5OGBKCO7AC1ZK
Created HIT 952: HITId=2SLQ39Z0B6UT2EMKO9JTYRKGXL8XMQ
Created HIT 953: HITId=2P3Z6R70G5R9ML1ZD957ZSSTVNT9PG
Created HIT 954: HITId=2ADOK5UFJ51YLY749TPQV1CS1B57AM
Created HIT 955: HITId=2S5VP3TVOK5UTRYH8LHERZFYYHI25V
Created HIT 956: HITId=2AKD5NQYN5F348CWF7PMQCWYJTQ7BH
Created HIT 957: HITId=2LOUXFCD45XCS1GT21KKLN3TOEKXV7
Created HIT 958: HITId=298V66RLPHITHPOCK9BI92NJYRI7FZ
Created HIT 959: HITId=2X7GSNTL0XUL5OG9LXUMPDX5NEO0MZ
Created HIT 960: HITId=25RZ6KW4ZMAZVPK7VTH0RNNVZ6I7GY
Created HIT 961: HITId=27C8Y1THV8ERN619XY9M2SM5S4Y0NZ
Created HIT 962: HITId=2RCC26DG67D1BBOGPYRCRK2JMQ37EH
Created HIT 963: HITId=2OVZKPFE4EGDVLFIFZZICNZWE6V7HX
Created HIT 964: HITId=2XXL6VCPWZ9R1LPYY9SSASN3LIX9OZ
Created HIT 965: HITId=2EXB0HFL42J1Z6YOLLT7P0IGN9Y0LX
Created HIT 966: HITId=2KOXBAT2D5NQCVYVD4RJJ5TYUCT26B
Created HIT 967: HITId=2J2YEPLSP75KZUZCTHFAKQEQ387XRE
Created HIT 968: HITId=2JYTP9RA7S5W09ZP86FFA0JMPAQXS2
Created HIT 969: HITId=26R746OQ1SNQ4FJMHEW1TKCNZQJ4OY
Created HIT 970: HITId=2RWSCWY2AOO2UUFUQ2FGTSCME7R22U
Created HIT 971: HITId=20DCNHMVHVKCX8UHUGY4M79KYLN24Q
Created HIT 972: HITId=2VHZ2MIKMN9UMX2EDMKWZXI30JF9Q7
Created HIT 973: HITId=2BLK4F0OHOVRFCBDU2TLC2HEKLR235
Created HIT 974: HITId=2U7GFL6VCPWZNZGT6WFV4S7SVSU7M6
Created HIT 975: HITId=21Z1Q6SVQ8H8MUJAGZWOEVCI9GE4NJ
Created HIT 976: HITId=2FT49F9SSSHXF9C4X6K5K5F8RT4XTR
Created HIT 977: HITId=2S9I8IUB2YU9MRA83Z23O0FBRYZ7J2
Created HIT 978: HITId=29HVXX2Q45UUYYHEQ19W4NS8W5H9R8
Created HIT 979: HITId=26E1INMHGYQ4XBGQLK2FPFFO6NZ7K1
Created HIT 980: HITId=2581SNQQ7Q67EDU6UQER42TQKQE9TL
Created HIT 981: HITId=2YXL42J1LY58PFVNWE9GIKHD9VF4PF
Created HIT 982: HITId=20JLY58B727MEQ9VUV419YFS34L9UC
Created HIT 983: HITId=24ASCXKNQY2RQRDMDDME6HR0SJZ0PV
Created HIT 984: HITId=29DQ8H88MQU6ZDHR5Q91UXX4I709SW
Created HIT 985: HITId=2OKJENLVWJ5O3JTE5UQ81MWBF360SB
Created HIT 986: HITId=23QJIA0RYNJ9GVC0WEWBPJTUPND27A
Created HIT 987: HITId=2IBHV8ER9Y8T1SB296D5NFHSAD34R7
Created HIT 988: HITId=2A4OFXRDS4ICFMRTXBAFP11AA7BXUI
Created HIT 989: HITId=27OSVQ8H88MQ8EELYPMCL1RX5TR7QT
Created HIT 990: HITId=2BXBNFSVGULFHHY86KEG4FS3VN47L4
Created HIT 991: HITId=294EZZ2MIKMNN215JCU8WWWXQS97OL
Created HIT 992: HITId=29D7WGKCCVLLHK3JD08ASQ4CHC74UB
Created HIT 993: HITId=24C8LZ6R70G55H1TIXUVH7WS0I47N6
Created HIT 994: HITId=2V99Y8TNKIMZ6UY0PVJ2RM0POKW9WB
Created HIT 995: HITId=2I7C6SK9RJ8527BFOVDADPMOWFM4SV
Created HIT 996: HITId=2OOO33FDEY5C24T1Q5Q3BCRFT1N0RN
Created HIT 997: HITId=25UCF0CP5KXP7QGYSBPG7PM7VNMXWH
Created HIT 998: HITId=2B3RGNTBJ3MMR5YVZLE65KHBHBU9V1
Created HIT 999: HITId=21ASZVXX2Q4582D6YC7NLW1N0X57P2
Created HIT 1000: HITId=2E2NQY2RCJK6H7OUDVI0NUIAYY04TK
Created HIT 1001: HITId=2YQMZ9O9Z6KWI7FQ9V8RULFQ8D42BW
Created HIT 1002: HITId=2LKJ1LY58B72LUTYQTBHG16YNHC7SI
Created HIT 1003: HITId=21UCVLL3CA330P350I39QQU75M09Z1
Created HIT 1004: HITId=2RJQP6AUC26DUE0TBBUV3FK0KD129M
Created HIT 1005: HITId=2HFULRGNTBJ30U6DFTG7Q62KP0Q7T7
Created HIT 1006: HITId=2DDOX7H57DZK3N7KOU4HGM25TXZA0P
Created HIT 1007: HITId=21RRJ85OZIZEVU3QZ0FOT5EWXM29X4
Created HIT 1008: HITId=2J9CJK63ZVE3VZT04W1QCJL5ZSW9YA
Created HIT 1009: HITId=2LOOQ1SNQQ7QKFTLB4BCQR121FT7RU
Created HIT 1010: HITId=2YJXERSQV66RZXAY3H8VZAVKQVJ2A1
Created HIT 1011: HITId=2BFFCD45XCET1LL33Y9N6TGPCPQXZ7
Created HIT 1012: HITId=2BCU00OQKKA4WQLO2GL2980E4PSXXA
Created HIT 1013: HITId=2KXDEY5COW0LUZSJIQIFOC6VVJG4V0
Created HIT 1014: HITId=2CQER9Y8TNKI07L2FY6HV2OM8EX7UY
Created HIT 1015: HITId=25F7H57DZKPFSC7WNV4M55L8QY42C3
Created HIT 1016: HITId=243VWJ5OPB0Y9OSO80NBAEP92SI4WA
Created HIT 1017: HITId=2TUF0CP5KXPTWVBY7C74SM7N6VMXYG
Created HIT 1018: HITId=2U0PDOBDDP8PX4DANRZXPB3QBYG2D3
Created HIT 1019: HITId=2XE40SPW1INMVOR6EXUNDB6BNBW2FE
Created HIT 1020: HITId=2AOYTWX4H3H23JXTJN7I9IJRJUM4Z0
Created HIT 1021: HITId=2AG24E6AUBXHA0ANPZ09YBZWLG20WQ
Created HIT 1022: HITId=270HPCGJ2D212BPL7VRJSPSIA9FA45
Created HIT 1023: HITId=2X2PEIB9BAWL6UQ50JMXXD3M1G7Y1P
Created HIT 1024: HITId=2YG5PQJQ9OPLZ55N40IXJ8KCWO1Y0M
Created HIT 1025: HITId=27G2RCJK63ZVSBA7AYLIDQ9JTU87WX
Created HIT 1026: HITId=2FILWSBRI8IUPARAJMAHVTLBBAH2EW
Created HIT 1027: HITId=2S3YHVI44OS2YTNON15ZVBAPD0I4Y9
Created HIT 1028: HITId=2ALDHJHP4BDDYOXEI5JXCX3GBUO4X3
Created HIT 1029: HITId=2TX806UFBNFS9ON1PH05VW6NOQW2GD
Created HIT 1030: HITId=2K6U3K4F0OHO9ZUKSBBO5L92P3T10S
Created HIT 1031: HITId=2KFUYT3DHJHPIJ6TUUVYBRSXHMK0T0
Created HIT 1032: HITId=2YJXERSQV66RZXAY3H8VZAVKQVJA29
Created HIT 1033: HITId=2CZ8MZ9O9Z6KACS2KD8HURLFYP5A1S
Created HIT 1034: HITId=2UKAC9KSSZVXBAJKF8LKTOYGV7D2KG
Created HIT 1035: HITId=2GFR24SMEZZ20QD2XNL8S9Y3GID2JH
Created HIT 1036: HITId=2FQE4BLYHVI4IWLIUZL8GNEZ00R0UR
Created HIT 1037: HITId=2I8P6AUC26DGKF6H7HM0IK0CW9JA3K
Created HIT 1038: HITId=2NAK9RJ85OZIDMA2KOGMROQ5ML67VN
Created HIT 1039: HITId=2C18EBDPGFL69KIC9NINGWIO3Q92HC
Created HIT 1040: HITId=2QAKMT6YTWX4VBAIZPVDC9GIE700VG
Created HIT 1041: HITId=27ZM8JIA0RYNXHV3TYD08BMJ1JY50E
Created HIT 1042: HITId=2GYKPEIB9BAWZ0FDZ4WV0UD3UI80XJ
Created HIT 1043: HITId=2ZS0RYNJ92NJYUTLL0ATXHYWA5AA5A
Created HIT 1044: HITId=2JME6AUBXHWSVF81JNMB2WDRTMLY26
Created HIT 1045: HITId=23B6YTWX4H3HGX4KNN0GL6IJZ0LY3H
Created HIT 1046: HITId=26L6XBAT2D5N46GLPHH0MG5T6B451H
Created HIT 1047: HITId=2DYKCCVLL3CAHBFXK3H4F9NQ2WE7XQ
Created HIT 1048: HITId=2S3YHVI44OS2YTNON15ZVBAPD0HY42
Created HIT 1049: HITId=2YG5PQJQ9OPLZ55N40IXJ8KCWO20YP
Created HIT 1050: HITId=2KVHJHP4BDDKUCRO16O903G3DWCY57
Created HIT 1051: HITId=2XANTL0XULRG114ZD0DD05FPFCN2O0
Created HIT 1052: HITId=2G1MJUNU8LZ65FTWF508G8J333O2I5
Created HIT 1053: HITId=2CEJ5OPB0YVGDGR26PYES9U39RNY6N
Created HIT 1054: HITId=2Z3KH1Q6SVQ8VG1208XL8OBVK7I2LJ
Created HIT 1055: HITId=2TEY2AOO2GMMSOH4Q4JCP6IAIR955Z
Created HIT 1056: HITId=2G151RYQM3EL4VFS0MKGXFTE2I60ZG
Created HIT 1057: HITId=2S5VP3TVOK5UTRYH8LHERZFYYHI52Y
Created HIT 1058: HITId=2RB2D5NQYN5FHYTZQJKYPNCW60LA6Q
Created HIT 1059: HITId=21MF0OHOVR14W5D4CZ02KECWIVE54U
Created HIT 1060: HITId=2CUNHMVHVKCJE9U0CLVJA9KQ4VI539
Created HIT 1061: HITId=2V9SQV66RLPHW1WX5A1VNI62V875D7
Created HIT 1062: HITId=24ZMVHVKCJ01FSVNEXY9NQW69X457E
Created HIT 1063: HITId=2VG5COW0LGRZHG57PZ36YNUZ427Y7M
Created HIT 1064: HITId=2JSESCWY2AOOGOF2OUFOJQSCUVZ11V
Created HIT 1065: HITId=26LTVOK5UFJ5F606O2QF1QS1KHA581
Created HIT 1066: HITId=2QG8TNKIMZSMJS8X2GFM3PGVNSYYB8
Created HIT 1067: HITId=2CZVKCJ011K2LCCNJYHW918NCVBA8C
Created HIT 1068: HITId=2J9CJK63ZVE3VZT04W1QCJL5ZSVY9Y
Created HIT 1069: HITId=2X2CCVLL3CA3HUAQZ4VCCNQUFMDY89
Created HIT 1070: HITId=2ADOK5UFJ51YLY749TPQV1CS1B5A7P
Created HIT 1071: HITId=2C914IXKO2L9GP7S6OXX6YOCK4HCBF
Created HIT 1072: HITId=25C3K4F0OHOV59XY7YF2O92HM1D12C
Created HIT 1073: HITId=2P1VCNHMVHVKQRTHBYT77J79SFD13N
Created HIT 1074: HITId=2IDP9746OQ1S1YJN0KY081QKKC82ML
Created HIT 1075: HITId=2JS1QP6AUC26ROZNNFO3Y0FK81581M
Created HIT 1076: HITId=2LX0OHOVR14IBSHIVNTHHCWAEMK56F
Created HIT 1077: HITId=2ETNVP3TVOK58NCLBCYQHOZF6F9148
Created HIT 1078: HITId=2SIHFL42J1LYJG4NCLD0LGFKP2I2NL
Created HIT 1079: HITId=2C2CJ011K274XF200AX1BN462MWCAK
Created HIT 1080: HITId=2VG5COW0LGRZHG57PZ36YNUZ4287YW
Created HIT 1081: HITId=2Q9J85OZIZEH0I35W2FQ8EWP5ADYAD
Created HIT 1082: HITId=2D15OPB0YVGZM6FCLL5PCU31AWC7ZN
Created HIT 1083: HITId=2Y6VR14IXKO2ZHVXOQNA9X3YW1TA91
Created HIT 1084: HITId=2525UFJ51Y7QSWSV84J1FSTMW4EC95
Created HIT 1085: HITId=2562GMMEGOOG4052GW1A5SEI2JBAAG
Created HIT 1086: HITId=28J4IXKO2L92VM5CKKO31OCCNPTCDM
Created HIT 1087: HITId=2ZS0RYNJ92NJYUTLL0ATXHYWA5A5A5
Created HIT 1088: HITId=2PG1THV8ER9YM1G0S0QSP5KFPHJ2PH
Created HIT 1089: HITId=2BUF806UFBNF639AVTU98SW6V5IF1A
Created HIT 1090: HITId=26OAUC26DG67R9QJ5E6K3COKA8V5C7
Created HIT 1091: HITId=2SST2D5NQYN5TBJGTUWT1MNC4NS59Q
Created HIT 1092: HITId=2VU1PC6SK9RJMDHFSD5HPAAPUD52Q8
Created HIT 1093: HITId=2K6H1XERSQV6KZE5RWK3KVWA39Z80J
Created HIT 1094: HITId=2X5TBJ3MMDX5TX03GGBHE9MD5DYYCF
Created HIT 1095: HITId=2ZZPCGJ2D21OH4YDREAPSSI2SNV5B0
Created HIT 1096: HITId=2T1011K274J7NSJCGFZN76UXN1UCEF
Created HIT 1097: HITId=25DR14IXKO2LNAAUMA1603YOK1WABB
Created HIT 1098: HITId=29QSV7WGKCCVZTWSKHUMKAPQC1Q2SX
Created HIT 1099: HITId=2JYMMEGOOGQSQUZYKOTSHIUU2PHCCM
Created HIT 1100: HITId=2H3WSBRI8IUBG6NPIX8SWLB3TPWF32
Created HIT 1101: HITId=29UXKNQY2RCJYEWF5SUHU0KUQZ72R9
Created HIT 1102: HITId=26VOBDDP8PJWY26TIBDB6Q397PSF4N
Created HIT 1103: HITId=2XE40SPW1INMVOR6EXUNDB6BNBWF2R
Created HIT 1104: HITId=261WKUDD8XMBHYWP9E26XTO61TVCN4
Created HIT 1105: HITId=298V66RLPHITHPOCK9BI92NJYRIF77
Created HIT 1106: HITId=2C2CJ011K274XF200AX1BN462MWACI
Created HIT 1107: HITId=2DABRI8IUB2Y8H1ZR6KLE3L0N005HG
Created HIT 1108: HITId=2BXJ51Y7QEOZT6J8BQJTPOFXZ29CFX
Created HIT 1109: HITId=2YN7DZKPFE4EULATWGWLBI9N7LNF5S
Created HIT 1110: HITId=2GRO9Z6KW4ZMO7AX15CFT0ONVK85E0
Created HIT 1111: HITId=2Q69Z6KW4ZMADPA71Z6Q3ONN3GYF68
Created HIT 1112: HITId=2WW4EGDHDM25ZGBPXDN6KEZ6W3LCM4
Created HIT 1113: HITId=2YN7DZKPFE4EULATWGWLBI9N7LN5FI
Created HIT 1114: HITId=2U6BDDP8PJWK8L6O7023T39Z80N5GH
Created HIT 1115: HITId=25L3FDEY5COWET979HZCUFLCEK42TM
Created HIT 1116: HITId=2BU26DG67D1XH3TVUE3ON2JE9BOF8U
Created HIT 1117: HITId=27GN5F3Q0JG576F3MAPB79F90H9CGW
Created HIT 1118: HITId=2M5QYN5F3Q0JUDMEW13W1B49NY9AEB
Created HIT 1119: HITId=21NUFJ51Y7QE278E06SCVTMONM8ADI
Created HIT 1120: HITId=2UK1O3W5XH0J3XLYCYPESLSPFU1CIO
Created HIT 1121: HITId=23WGOOGQSCM6WI3I2S9UXU00WF1FFB
Created HIT 1122: HITId=2X12D21O3W5XV8C5Z692NYEPTH6F9J
Created HIT 1123: HITId=24192NJKM05B0RMARCN2JTP9ZZOAFT
Created HIT 1124: HITId=24192NJKM05B0RMARCN2JTP9ZZOFAY
Created HIT 1125: HITId=2QKNJKM05BMJ72AE6G7TS9RAFHMCHV
Created HIT 1126: HITId=2BGT3DHJHP4BRLDWECZRVX9XB5K2V2
Created HIT 1127: HITId=20KD21O3W5XHERI52WTK1EPL0EOAGS
Created HIT 1128: HITId=20WNLVWJ5OPBE6OW9MPMZB7EXYB2UD
Created HIT 1129: HITId=23ZGYQ4J3NABKJ82PTFY1IT118WCP0
Created HIT 1130: HITId=2UY67D1X3V0FY854UGAE4M7PS9QCJ0
Created HIT 1131: HITId=283PHIT3HVWA9SBMC1AQ51727YQCKZ
Created HIT 1132: HITId=2N2W4ZMAZHHR5T86A2ENYRH1S65AJW
Created HIT 1133: HITId=217FE4EGDHDMGDEOSNEZZ6HE7V5AKV
Created HIT 1134: HITId=2DMZMAZHHRRLTYT4X1MRK1KHWYVCL2
Created HIT 1135: HITId=2J4IKMN9U8P9CB196AOI6SUYQBHCT5
Created HIT 1136: HITId=2JODG67D1X3VENDGM2B2ME1MFE1AHR
Created HIT 1137: HITId=25CQIHPCGJ2DG9HJ6JOH3JPP07J823
Created HIT 1138: HITId=2HAPW1INMHGY4CCJXO26EFMFNDF5I9
Created HIT 1139: HITId=2NORLPHIT3HVAIO0SKTNMQ21FRGAIK
Created HIT 1140: HITId=2P1IA0RYNJ921RD2AJ2MMTUH6LJ83E
Created HIT 1141: HITId=2N970G5R98D8XBOUHAJSWNYCOS3CSG
Created HIT 1142: HITId=214T6YTWX4H3VAIRER09JI6IRGS2X5
Created HIT 1143: HITId=2BXJ51Y7QEOZT6J8BQJTPOFXZ29FC0
Created HIT 1144: HITId=2VMBLYHVI44O6AD14M4NHZSBIEM2WC
Created HIT 1145: HITId=2ZFKO2L92HECAIZDDCFCFF0CXU1FGA
Created HIT 1146: HITId=2BT2YU98JHSTZJW1AT2JCIOBR30COJ
Created HIT 1147: HITId=29DGULF395SWKV9HP6UN1NJB64ICQR
Created HIT 1148: HITId=2NDCPWZ9RNDWWWOH2LJN6DTG2QKCRS
Created HIT 1149: HITId=26QPJWKUDD8X0JW6DNQ0E6UTWVAALY
Created HIT 1150: HITId=248YN5F3Q0JGJ1R2XQNYE49FHH9FBT
Created HIT 1151: HITId=24XSVGULF39564Z3QF6S6NYNR0FAOF
Created HIT 1152: HITId=26LTVOK5UFJ5F606O2QF1QS1KHA854
Created HIT 1153: HITId=2L0XKO2L92HEQ43M7HPOFCF0KEMFET
Created HIT 1154: HITId=2W36VCPWZ9RNR4B45FJ7VN3D15BAPW
Created HIT 1155: HITId=2ETAT2D5NQYNJNW6AX75WYMNKLF84Z
Created HIT 1156: HITId=20I11K274J79YYPMBME49UXFK2LFD0
Created HIT 1157: HITId=2H6HOVR14IXK2AEPCV5CZA6XBN587J
Created HIT 1158: HITId=202M05BMJTUHC4VW330RD7S54BIFKD
Created HIT 1159: HITId=2HOUFBNFSVGUZNWPF6N6QG1F0S45JL
Created HIT 1160: HITId=2Y4VHVKCJ011YA0KTL0KTW61GCL86K
Created HIT 1161: HITId=2Z5MHGYQ4J3NOJZRP06FRYYI1QAAN0
Created HIT 1162: HITId=2FN8B727M0IGTSATBKPFVVF4375CXO
Created HIT 1163: HITId=2JME6AUBXHWSVF81JNMB2WDRTMM2YB
Created HIT 1164: HITId=2EF2Q45UUKQOCOGY6FESBOG09POCUW
Created HIT 1165: HITId=2P0UB2YU98JH61ERDZRFEJ9IW00AM0
Created HIT 1166: HITId=2JSOO2GMMEGO2OJ8M0XIDA2SM7B886
Created HIT 1167: HITId=25ZOVR14IXKOGT2IRS3WD6X36DT89V
Created HIT 1168: HITId=28GNJ92NJKM0JJFZ388YZ2GTXY88DC
Created HIT 1169: HITId=2MX3Q0JG5TYM1KPELI0FCSSSPMIFJE
Created HIT 1170: HITId=2IJK274J79KQAEUOXIXU0FCDCUEFH9
Created HIT 1171: HITId=2MJY7QEOZFYQ695830FF0RDSC7TFI2
Created HIT 1172: HITId=2JV5NQYN5F3QER9L3CDNFWYBCYW8CC
Created HIT 1173: HITId=22H6R70G5R98RGCJ5SYWVSTN61XAQN
Created HIT 1174: HITId=2PZ88MQU6L5OP35YB5OX7AIJNWXCVL
Created HIT 1175: HITId=295QQ7Q670514S531FTTTC1XU5ZCWV
Created HIT 1176: HITId=2QFBNVP3TVOKJ28ZFFP7TEOZNN730M
Created HIT 1177: HITId=2VTDPGFL6VCPA727XRNIRV1SFH45KK
Created HIT 1178: HITId=217EIB9BAWLS05I6F9OUG3MTZGQ2Z2
Created HIT 1179: HITId=2P1VCNHMVHVKQRTHBYT77J79SFD31P
Created HIT 1180: HITId=2Y0T3HVWAVKIKAGZ0GS75Z99Y6NFNI
Created HIT 1181: HITId=29UGW40SPW1I1UAW84VJ6NABE0WD0U
Created HIT 1182: HITId=25LW5XH0JPPSWADEO3CSS75KTBNFLG
Created HIT 1183: HITId=2CZVKCJ011K2LCCNJYHW918NCVB8AA
Created HIT 1184: HITId=23SZHHRRLFQ02VGB1VSKKO9EOGSFOX
Created HIT 1185: HITId=2C6K5UFJ51Y74MHFPCHS4CSTUDW8B5
Created HIT 1186: HITId=2GH2MIKMN9U83HRJI7NW0I3S2NZARO
Created HIT 1187: HITId=2FQTNKIMZSM5YNA8C2D0SGVFB73CZL
Created HIT 1188: HITId=21CDD8XMB3Q3N7TRG8KO9T4E3HAFQ5
Created HIT 1189: HITId=20CNU8LZ6R70UDKPIRZJ6VE74H95LN
Created HIT 1190: HITId=2X5TBJ3MMDX5TX03GGBHE9MD5DZCYU
Created HIT 1191: HITId=2OV1X3V0FK0C2SVZOFD7SKK9TGDFMI
Created HIT 1192: HITId=2JMSMEZZ2MIK0V2AI30Y68TW4MZ5MP
Created HIT 1193: HITId=2TYJ2D21O3W5BPTZZ3JI5KYEXA98E5
Created HIT 1194: HITId=2FC98JHSTLB3Z88RTN9OEJEJZ3CFR6
Created HIT 1195: HITId=2BU26DG67D1XH3TVUE3ON2JE9BO8FN
Created HIT 1196: HITId=28G0LWSBRI8I8JVE4NZJKSTLJS2D1X
Created HIT 1197: HITId=2GDXX2Q45UUK4WRWXWN1QS8OOPIASC
Created HIT 1198: HITId=2VYDHDM25L8INVSCGV5Z9OE4YLOFPE
Created HIT 1199: HITId=2C88H88MQU6LJW4BMWSR0X4AQ8WAT1
Created HIT 1200: HITId=27D66RLPHIT3V3PQ5Y965NJQAQO8GM

You may see your HIT(s) with HITTypeId '2ARMNCWYB49FN0L8RBS1MONSTSINR4' here: 

  http://workersandbox.mturk.com/mturk/preview?groupId=2ARMNCWYB49FN0L8RBS1MONSTSINR4

  End time: Mon Apr 08 18:36:29 EDT 2013
--[Done Loading HITs]----------
  Total load time: 530 seconds.
  Successfully loaded 1200 HITs.
~/dpatch/mturk/cluster_task
